3	THR	C	-0.192327257427316
4	PRO	C	-0.697322980519071
5	TYR	E	-0.176738078228794
6	TYR	E	-0.178980301606561
7	LEU	E	-0.0135480996074149
8	ILE	E	-0.269350792390372
9	ASP	E	-0.0116405393816219
10	LYS	H	-0.0346504601341939
11	ALA	H	-0.285856951411109
12	LYS	H	-0.0856964681076349
13	LEU	H	-0.200176747987227
14	THR	H	0.154398550803956
15	ARG	H	-0.136226254224637
16	ASN	H	0.226078763063714
17	MET	H	-0.225444630126204
18	GLU	H	-0.206952561192198
19	ARG	H	-0.177561565360033
20	ILE	H	0.0483810099715942
21	ALA	C	0.262285930623651
22	HIS	C	-0.103376188503954
23	VAL	C	0.262755576276803
24	ARG	C	0.0933684043938428
25	GLU	C	0.0774840060837123
26	LYS	C	0.0488682511509761
27	SER	C	-0.068260604087218
28	GLY	C	-0.600013708635659
29	ALA	C	0.236775498900852
30	LYS	C	0.0488682511509761
31	ALA	E	0.0712503004768843
32	LEU	E	0.150407912518771
33	LEU	E	0.0155749677238939
34	ALA	E	0.0781040543065661
35	LEU	H	-0.0213053324538883
36	LYS	H	-0.0856964681076349
37	CYS	H	0.119161474576754
38	PHE	C	0.229673950018158
39	ALA	C	0.166188908413915
40	THR	C	0.048151063394104
41	TRP	H	-0.187576651779747
42	SER	H	0.154407130635748
43	VAL	H	0.0690053355780424
44	PHE	H	0.0896725463449703
45	ASP	H	0.15717621372707
46	LEU	H	-0.200176747987227
47	MET	H	-0.225444630126204
48	ARG	H	-0.182849121606746
49	ASP	H	0.0986239611397028
50	TYR	H	-0.0769639885633993
51	MET	C	0.304733156916923
52	ASP	C	-0.210653521173041
53	GLY	E	0.330165096016616
54	THR	E	-0.0552175153854311
55	THR	E	-0.21733252046975
56	SER	E	-0.00147371662815132
57	SER	C	-0.181515706326109
58	SER	C	-0.0912879353378422
59	LEU	H	-0.0213053324538883
60	PHE	H	0.0896725463449703
61	GLU	H	-0.206952561192198
62	VAL	H	0.0690053355780424
63	ARG	H	-0.0287447052678917
64	LEU	H	-0.0492535680322392
65	GLY	H	0.416200102082721
66	ARG	C	0.114505452121219
67	GLU	C	0.0384368294464359
68	ARG	C	0.035749186792132
69	PHE	C	0.229673950018158
70	GLY	C	0.0576135755955853
71	LYS	C	0.0355119108708832
72	GLU	C	0.119910492060111
73	THR	E	-0.180845869602217
74	HIS	E	0.0413871150352993
75	ALA	E	0.117261453897939
76	TYR	E	-0.216275259675638
77	SER	E	-0.0956541763866765
78	VAL	C	0.453428314839992
79	ALA	C	0.119552128290271
80	TYR	C	0.087861347340997
81	GLY	C	0.0576135755955853
82	ASP	H	0.0986239611397028
83	ASN	H	0.0708888004325186
84	GLU	H	-0.206952561192198
85	ILE	H	-0.0421791372545739
86	ASP	H	0.186956999057935
87	GLU	H	-0.127625467608875
88	VAL	H	0.0352980631042454
89	VAL	H	0.0352980631042454
90	SER	H	0.227307584377582
91	HIS	H	-0.343418094984531
92	ALA	C	0.236775498900852
93	ASP	C	0.167525003628171
94	LYS	E	0.17025988006847
95	ILE	E	-0.317712984008135
96	ILE	E	-0.439240821995957
97	PHE	E	-0.222480466170908
98	ASN	C	-0.150671718075135
99	SER	C	-0.068260604087218
100	ILE	H	0.349643034431305
101	SER	H	-0.153739562894457
102	GLN	H	-0.201698090516652
103	LEU	H	-0.200176747987227
104	GLU	H	-0.206952561192198
105	ARG	H	-0.136226254224637
106	PHE	H	-0.0329358876537755
107	ALA	H	-0.1797971675146
108	ASP	H	-0.0684054304641437
109	LYS	H	-0.0952897765259406
110	ALA	C	0.21959503635132
111	ALA	C	0.21959503635132
112	GLY	C	-0.537311051740626
113	ILE	C	0.214975228493436
114	ALA	E	0.15104272984742
115	ARG	E	-0.0914770808420924
116	GLY	E	0.592561666121922
117	LEU	E	-0.11751305172553
118	ARG	E	0.0335882888699723
119	LEU	E	0.0579183483029819
120	ASN	E	0.393188042100551
121	PRO	C	-0.475163409327132
122	GLN	C	0.10273626564278
123	VAL	C	0.0394838388419902
124	SER	C	-0.0751531166607196
125	SER	C	-0.19175192626525
126	SER	C	-0.0786074651611663
127	SER	C	-0.068260604087218
128	PHE	C	0.134094364683262
129	ASP	C	-0.210653521173041
130	LEU	C	0.437170570010984
131	ALA	C	0.236775498900852
132	ASP	C	-0.210653521173041
133	PRO	C	-0.100310529745208
134	ALA	C	0.21959503635132
135	ARG	C	0.114505452121219
136	PRO	C	-0.16224145208051
137	PHE	C	0.229673950018158
138	SER	C	-0.068260604087218
139	ARG	C	0.0933684043938428
140	LEU	C	0.124275731236344
141	GLY	C	-0.56418374560145
142	GLU	E	0.227402613644346
143	TRP	E	-0.155057774836996
144	ASP	C	-0.321389960275841
145	VAL	C	0.234094710375401
146	PRO	C	-0.169633992184958
147	LYS	C	0.0488682511509761
148	VAL	C	0.162983347051641
149	GLU	C	0.0676214118671359
150	ARG	C	0.0855814088771583
151	VAL	C	-0.0279852163866439
152	MET	C	0.376957048127129
153	ASP	C	0.167525003628171
154	ARG	E	0.203175806390401
155	ILE	E	-0.485561737385194
156	ASN	E	-0.0118640958201484
157	GLY	E	-0.357928136336999
158	PHE	E	-0.188828184707521
159	MET	E	-0.00500491817673465
160	ILE	C	0.327812838462659
161	HIS	C	-0.00280526162759553
162	ASN	C	-0.150671718075135
163	ASN	C	-0.333487835266465
164	CYS	C	0.0465771195532789
165	GLU	C	0.226751638702049
166	ASN	C	-0.265124403427814
167	LYS	C	0.102440382285778
168	ASP	H	0.0986239611397028
169	PHE	H	0.0549563969551352
170	GLY	H	0.481040390499021
171	LEU	H	-0.200176747987227
172	PHE	H	0.0896725463449703
173	ASP	H	0.186956999057935
174	ARG	H	-0.161872246357118
175	MET	H	-0.195340863139837
176	LEU	H	-0.151535939676804
177	GLY	C	-0.600013708635659
178	GLU	C	0.119910492060111
179	ILE	H	0.182659832221008
180	GLU	H	-0.154093506610441
181	GLU	H	-0.206952561192198
182	ARG	H	-0.0287447052678917
183	PHE	H	0.0549563969551352
184	GLY	H	0.481040390499021
185	ALA	H	-0.285856951411109
186	LEU	H	-0.159315235430594
187	ILE	C	0.47724473211375
188	ALA	C	0.21959503635132
189	ARG	C	0.0635719307742519
190	VAL	C	0.469421604906285
191	ASP	C	-0.270485787508028
192	TRP	C	0.14515854266233
193	VAL	E	-0.358646859452471
194	SER	E	-0.136781550021529
195	LEU	C	0.437170570010984
196	GLY	C	-0.537311051740626
197	GLY	C	-0.600013708635659
198	GLY	C	-0.537311051740626
199	ILE	C	0.0762522708027058
200	HIS	C	-0.00186748508159074
201	PHE	C	0.086482177404716
202	THR	C	0.048151063394104
203	GLY	C	-0.537311051740626
204	ASP	C	-0.210653521173041
205	ASP	C	-0.350852596983994
206	TYR	C	0.160238164450694
207	PRO	C	-0.138730477437223
208	VAL	C	0.441932484786639
209	ASP	C	-0.210653521173041
210	ALA	C	0.236775498900852
211	PHE	H	0.0454870022536298
212	SER	H	0.218041147896363
213	ALA	H	-0.231533899178995
214	ARG	H	-0.115170952294323
215	LEU	H	-0.200176747987227
216	ARG	H	-0.177561565360033
217	ALA	H	0.0606572596556267
218	PHE	H	-0.125120925921146
219	SER	H	-0.259497537451392
220	ASP	H	-0.0102652134711763
221	ARG	H	-0.0287447052678917
222	TYR	H	-0.0769639885633993
223	GLY	C	-0.600013708635659
224	VAL	C	0.441932484786639
225	GLN	C	0.0503924328859897
226	ILE	E	-0.439240821995957
227	TYR	E	-0.168807313996584
228	LEU	E	-0.0617021413355685
229	GLU	C	0.119910492060111
230	PRO	C	-0.294559995378408
231	GLY	H	0.308766690403473
232	GLU	H	-0.15748413543967
233	ALA	H	-0.231533899178995
234	SER	H	-0.0206602663812472
235	ILE	H	0.147393597541734
236	THR	H	0.0519427056598882
237	LYS	C	0.0866513935208983
238	SER	C	-0.19175192626525
239	THR	E	-0.200009189164924
240	THR	E	-0.0861554731461736
241	LEU	E	-0.231272947753769
242	GLU	E	0.345063090323423
243	VAL	E	-0.414938675776725
244	THR	E	-0.190178657987773
245	VAL	E	-0.3498697807093
246	LEU	E	-0.133096360624857
247	ASP	E	0.440574177178549
248	THR	E	0.0134480492950804
249	LEU	E	0.0155749677238939
250	TYR	E	-0.197878590708751
251	ASN	C	-0.208937287576653
252	GLY	C	-0.600013708635659
253	LYS	C	0.0488682511509761
254	ASN	E	0.33420906644327
255	LEU	E	-0.147787884288332
256	ALA	E	0.179091265679089
257	ILE	E	-0.163154055097496
258	VAL	E	-0.29106978741297
259	ASP	C	-0.261486220703175
260	SER	C	-0.0259080406707799
261	SER	C	-0.19175192626525
262	ILE	C	0.138572445258556
263	GLU	C	0.170223775496067
264	ALA	C	0.0650256648928993
265	HIS	C	-0.152775540833207
266	MET	C	0.304733156916923
267	LEU	C	0.23488507173026
268	ASP	C	-0.393718431437024
269	LEU	C	0.0393799199687992
270	LEU	C	-0.0275118484171539
271	ILE	C	0.416820087507486
272	TYR	C	0.188634840724121
273	ARG	C	0.114505452121219
274	GLU	C	0.163169116695775
275	THR	C	-0.185614926648558
276	ALA	C	0.151812319250968
277	LYS	E	0.041620946246427
278	VAL	C	0.0972111776060283
279	LEU	C	0.146320909863548
280	PRO	C	-0.253212526761645
281	ASN	C	-0.323750167346375
282	GLU	C	0.163169116695775
283	GLY	C	-0.258185490987201
284	SER	E	0.0224468661481749
285	HIS	E	-0.0651691454844192
286	SER	E	0.0106227446918501
287	TYR	E	-0.0990512325870894
288	MET	E	-0.147082835738136
289	ILE	E	-0.203276639534845
290	CYS	E	-0.23527337952185
291	GLY	C	-0.537311051740626
292	LYS	C	0.0355251755461197
293	SER	C	-0.152894926762983
294	CYS	C	-0.0141676954266519
295	LEU	C	0.40204837020632
296	ALA	C	0.119552128290271
297	GLY	C	0.146895431633464
298	ASP	C	-0.321389960275841
299	VAL	E	0.00195083455265532
300	PHE	E	-0.0026794186398531
301	GLY	E	-0.459912568856788
302	GLU	E	0.0728618807421855
303	PHE	E	-0.222447771791322
304	ARG	E	0.0940271300016313
305	PHE	E	-0.293804755101028
306	ALA	E	0.242232784777245
307	GLU	E	0.151600850577863
308	GLU	C	0.138806080916508
309	LEU	C	-0.0575757391683513
310	LYS	C	0.0401603091175069
311	VAL	C	0.469421604906285
312	GLY	C	-0.56418374560145
313	ASP	E	-0.0120588631667164
314	ARG	E	0.0526851001520647
315	ILE	E	-0.503722365812114
316	SER	E	0.183425755556965
317	PHE	E	-0.222480466170908
318	GLN	E	0.155492077977144
319	ASP	C	-0.210653521173041
320	ALA	C	0.21959503635132
321	ALA	C	0.119552128290271
322	GLY	C	0.0316502259399227
323	TYR	C	0.188634840724121
324	THR	C	-0.0506716113272923
325	MET	C	0.134381091687472
326	VAL	C	0.395056889928324
327	LYS	C	0.0621046020589091
328	LYS	C	0.0319751470831839
329	ASN	C	0.0212922020815824
330	TRP	C	0.205700624396332
331	PHE	C	0.201942800042588
332	ASN	C	0.11617104348056
333	GLY	C	0.235173608013278
334	VAL	C	0.441932484786639
335	LYS	C	0.113741234559508
336	MET	C	0.282896673853636
337	PRO	C	-0.454932980795966
338	ALA	C	0.266932542193917
339	ILE	E	-0.438754375303076
340	ALA	E	0.243480796726906
341	ILE	E	-0.535420114637845
342	ARG	E	0.157622952544067
343	GLU	E	0.180355222061269
344	LEU	C	0.437170570010984
345	ASP	C	-0.168747572534497
346	GLY	C	0.316706673331224
347	SER	E	0.113638990784166
348	VAL	E	-0.436019208271436
349	ARG	E	-0.0139798866810033
350	THR	E	-0.0821414741775195
351	VAL	C	0.262755576276803
352	ARG	C	0.092014764464607
353	GLU	C	-0.111591055833089
354	PHE	C	0.157276254338552
355	THR	C	-0.259861731652229
356	TYR	H	-0.000838420731867018
357	ALA	H	-0.202793886916625
358	ASP	H	0.15717621372707
359	TYR	H	0.136109655641218
360	GLU	H	-0.206952561192198
