1	3	0
2	1	0
3	4	0
4	5	0
5	7	0.389610927244322
6	8	-0.00626368911053365
7	6	0.314508889126974
8	6	0.0748050439101808
9	3	0.331498944060607
10	1	0.190641667003145
11	4	-0.0174157167502056
12	5	-0.0372812421546556
13	8	0
14	8	0
15	27	0
16	28	0
17	28	0
18	3	0.00303050608109245
19	1	-0.0473493048274038
20	4	-0.066745000973973
21	5	0.0597640554216827
22	17	0.0265687639155763
23	16	-0.00914212490132815
24	6	0.166066217398771
25	10	-0.161640796251905
26	1	-0.0381386321821955
27	4	-0.0508054913647218
28	5	-0.0860824659448758
29	8	0.125996377095515
30	8	0.116063550981538
31	32	-0.00127408077536018
32	3	0.0151236217908179
33	1	-0.00769727467539205
34	4	0.0367775488118633
35	5	0.0230247675751984
36	8	0.116063550981538
37	11	-0.100999653766667
38	12	-0.000215865782393188
39	12	-0.14235740424138
40	12	0.142647900035742
41	12	0.0714418652309208
42	31	-0.0395089068317986
43	40	-0.0046431828940019
44	3	0.0879260899139638
45	1	-0.00769727467539205
46	4	0.0367775488118633
47	5	0.140705847992152
48	8	0.0378705035301783
49	11	-0.550112366361791
50	12	-0.14235740424138
51	12	-0.372298677175283
52	12	-0.215954875644075
53	12	-0.301283406594909
54	31	0.00804100680282005
55	40	-0.0165314446621423
56	3	0.0151236217908179
57	1	-0.032326042939971
58	4	0.0367775488118633
59	5	-0.067154596257204
60	8	0.116063550981538
61	7	-0.107991031882384
62	6	0.284733299561042
63	6	0.0748050439101808
64	3	-0.0444019780239131
65	1	-0.032326042939971
66	4	-0.0153486292559304
67	5	-0.0352219575411059
68	7	-0.35331825469849
69	8	0.0711828424387226
70	6	-0.274371493972029
71	6	-0.354063067984834
72	3	-0.0444019780239131
73	1	-0.0415471619808923
74	4	-0.0508054913647218
75	5	-0.067154596257204
76	8	0.0582079575910379
77	27	0.118277920259887
78	28	0.235753254275403
79	28	-0.229755114926833
80	3	-0.0444019780239131
81	1	-0.0381386321821955
82	4	-0.0714648551758454
83	5	-0.0860824659448758
84	8	0.0844639519973773
85	8	0.0582079575910379
86	8	-0.0524960071961349
87	35	-0.307671351621553
88	20	-0.471597577767335
89	3	-0.0952589669986947
90	1	-0.0401007415454133
91	4	-0.0864845641699548
92	5	-0.0660496591101269
93	6	0.314508889126974
94	3	-0.0952589669986947
95	1	-0.0401007415454133
96	4	-0.0153486292559304
97	5	-0.0352219575411059
98	8	0.0844639519973773
99	8	-0.00626368911053365
100	8	-0.107073254581888
101	35	0
102	20	0
103	3	0.0879260899139638
104	1	-0.00769727467539205
105	4	0.0367775488118633
106	5	0.0230247675751984
107	8	0.0504568924604776
108	7	-0.295710074104569
109	6	-0.354063067984834
110	6	-0.401222156115896
111	3	-0.0744001146990678
112	1	-0.0401007415454133
113	4	-0.0939895302606351
114	5	-0.00917386161135791
115	17	0.0318719142415578
116	16	-0.00914212490132815
117	6	0.314508889126974
118	3	-0.0833301353081923
119	1	-0.0549677375302595
120	4	-0.0939895302606351
121	5	-0.0372812421546556
122	8	-0.107073254581888
123	8	-0.147435054801708
124	37	-0.352526680849515
125	36	-0.351876024874963
126	21	-0.588692524844097
127	22	0
128	22	-0.381251553990166
129	3	-0.0880774362190424
130	1	-0.0401007415454133
131	4	-0.0714648551758454
132	5	-0.0860824659448758
133	8	0.108943740731124
134	33	0.358671298573793
135	34	0.338197317270462
136	18	0.328468814674189
137	3	-0.0744001146990678
138	1	-0.0415471619808923
139	4	-0.0939895302606351
140	5	-0.0372812421546556
141	8	0.125996377095515
142	29	-0.255444187160723
143	9	-0.486416835852499
144	30	-0.254293636502727
145	3	-0.0833301353081923
146	1	0.0217912312164792
147	4	0.0556827126271067
148	5	0.0597640554216827
149	8	-0.203949739245182
150	8	-0.177928656144769
151	27	0
152	28	0
153	28	0
154	3	0.00303050608109245
155	1	-0.0273352271022453
156	4	-0.066745000973973
157	5	-0.00917386161135791
158	8	-0.0524960071961349
159	8	-0.0524960071961349
160	37	-0.0240458669586259
161	36	0.00936002367429456
162	21	0.273631600696532
163	22	0.409440956456141
164	22	0.409440956456141
165	3	-0.0526217270027347
166	1	-0.0473493048274038
167	4	-0.066745000973973
168	5	-0.0660496591101269
169	7	0.0747795529600879
170	8	0.0844639519973773
171	6	0.0748050439101808
172	6	-0.0362318538940984
173	3	0.00303050608109245
174	1	-0.0273352271022453
175	4	-0.0174157167502056
176	5	-0.00917386161135791
177	6	0.244964062866751
178	3	0.00303050608109245
179	1	-0.0273352271022453
180	4	-0.0939895302606351
181	5	-0.0853687962898357
182	8	-0.147435054801708
183	23	-0.0382900694964201
184	38	0
185	24	0
186	26	0
187	25	0
188	3	-0.0744001146990678
189	1	-0.032326042939971
190	4	-0.0508054913647218
191	5	-0.0352219575411059
192	7	-0.00925966979750559
193	6	0.0748050439101808
194	6	0.166066217398771
195	3	-0.0744001146990678
196	1	-0.0381386321821955
197	4	-0.0939895302606351
198	5	-0.0372812421546556
199	8	0.0582079575910379
200	8	-0.00626368911053365
201	37	-0.1428716032775
202	36	-0.442360024762806
203	21	-0.588692524844097
204	22	-0.257807340463486
205	22	0
206	3	-0.0952589669986947
207	1	-0.060418591651155
208	4	0.0556827126271067
209	5	0
210	8	-0.107073254581888
211	8	-0.203949739245182
212	27	-0.542262557338105
213	28	-0.388736342295969
214	28	0
215	3	0.200300849867222
216	1	0.190641667003145
217	4	0.254378375529024
218	5	0.0926912633429762
219	8	0
220	8	0
221	8	0
222	35	0
223	20	0
224	3	0.331498944060607
225	1	0
226	4	0.254378375529024
227	5	0
228	15	0
229	16	0
230	3	0.0854422972489308
231	2	-0.178996112318353
232	4	-0.0174157167502056
233	5	0.0597640554216827
234	3	-0.0833301353081923
235	1	-0.0401007415454133
236	4	-0.0864845641699548
237	5	-0.0660496591101269
238	6	0.314508889126974
239	3	-0.0744001146990678
240	1	-0.0415471619808923
241	4	-0.0153486292559304
242	5	0.0904842725117838
243	8	0.116063550981538
244	8	0.0844639519973773
245	8	0.108943740731124
246	35	0.793552938063107
247	20	0.659355459267201
248	3	-0.0444019780239131
249	1	-0.032326042939971
250	4	-0.0153486292559304
251	5	-0.0352219575411059
252	6	-0.158510216489454
253	3	-0.0444019780239131
254	1	-0.0415471619808923
255	4	-0.0153486292559304
256	5	-0.0352219575411059
257	8	0.108943740731124
258	7	-0.210341999455069
259	6	-0.158510216489454
260	6	-0.274371493972029
261	3	-0.0880774362190424
262	1	-0.0415471619808923
263	4	-0.0153486292559304
264	5	-0.0352219575411059
265	8	0.0711828424387226
266	7	-0.295710074104569
267	6	-0.354063067984834
268	6	-0.401222156115896
269	3	-0.0444019780239131
270	1	-0.00769727467539205
271	4	0.0367775488118633
272	5	-0.0352219575411059
273	6	-0.158510216489454
274	3	-0.0444019780239131
275	1	-0.00769727467539205
276	4	-0.0508054913647218
277	5	-0.0860824659448758
278	8	0.108943740731124
279	7	-0.210341999455069
280	6	-0.158510216489454
281	6	-0.354063067984834
282	3	-0.0880774362190424
283	1	-0.0473493048274038
284	4	-0.0864845641699548
285	5	-0.0853687962898357
286	8	-0.00626368911053365
287	8	-0.107073254581888
288	8	-0.177928656144769
289	35	0
290	20	0
291	3	-0.0744001146990678
292	1	-0.032326042939971
293	4	0.164605207198245
294	5	0.0230247675751984
295	29	-0.0513043614516295
296	19	-0.416474560215133
297	3	0.0879260899139638
298	1	0.0568908313020771
299	4	-0.0508054913647218
300	5	-0.0352219575411059
301	8	0.0504568924604776
302	11	-0.322724162897173
303	12	-0.14235740424138
304	12	-0.301283406594909
305	12	-0.215954875644075
306	12	-0.301283406594909
307	12	-0.372298677175283
308	3	-0.0744001146990678
309	1	-0.032326042939971
310	4	-0.0714648551758454
311	5	-0.0860824659448758
312	6	-0.0362318538940984
313	3	-0.0444019780239131
314	1	-0.0381386321821955
315	4	-0.0508054913647218
316	5	-0.0352219575411059
317	17	0.114472007138455
318	16	0.15261413979042
319	6	-0.158510216489454
320	3	-0.0952589669986947
321	1	-0.0381386321821955
322	4	-0.0864845641699548
323	5	-0.0860824659448758
324	8	0.0283700578828325
325	13	0.446118251767605
326	24	0.0653445287361238
327	11	0.510794164185461
328	39	0.267562148398292
329	14	0.474570626971146
330	12	0.364511910351146
331	12	0
332	12	0.38970895678639
333	12	0
334	3	-0.0951157274483148
335	1	-0.0401007415454133
336	4	-0.0508054913647218
337	5	-0.0860824659448758
338	15	0.108191399432322
339	16	0.037938218197791
340	3	0.0151236217908179
341	1	-0.00769727467539205
342	4	-0.0153486292559304
343	5	-0.0352219575411059
344	7	-0.210341999455069
345	6	-0.158510216489454
346	6	-0.274371493972029
347	3	0.0151236217908179
348	1	0.0568908313020771
349	4	0.0997419586640982
350	5	0.140705847992152
351	8	0.0504568924604776
352	11	-0.550112366361791
353	12	-0.372298677175283
354	12	-0.372298677175283
355	12	-0.301283406594909
356	12	-0.301283406594909
357	12	-0.372298677175283
358	3	0.0151236217908179
359	1	-0.0415471619808923
360	4	-0.0714648551758454
361	5	-0.0853687962898357
362	8	0.0844639519973773
363	27	0.235303448993622
364	28	0.321367299171429
365	28	-0.103712009754008
366	3	-0.0880774362190424
367	1	-0.0401007415454133
368	4	-0.0508054913647218
369	5	-0.0860824659448758
370	8	0.0844639519973773
371	7	-0.00925966979750559
372	6	0.0748050439101808
373	6	-0.0362318538940984
374	3	-0.0444019780239131
375	1	-0.00769727467539205
376	4	-0.0508054913647218
377	5	-0.0860824659448758
378	8	0.0711828424387226
379	29	-0.345512551781022
380	9	-0.239605034907333
381	30	-0.356145075989427
382	3	0.0151236217908179
383	1	-0.0415471619808923
384	4	-0.0939895302606351
385	5	-0.00917386161135791
386	8	0.116063550981538
387	8	0.0844639519973773
388	37	0.147430158922961
389	36	-0.0756019740203611
390	21	-0.261073319321036
391	22	-0.257807340463486
392	22	0
393	3	-0.0833301353081923
394	1	-0.0273352271022453
395	4	0.0556827126271067
396	5	0.116340758118113
397	8	-0.177928656144769
398	27	-0.655602345816106
399	28	-0.684385274823514
400	28	-0.684385274823514
401	3	0.00303050608109245
402	1	-0.0549677375302595
403	4	-0.0174157167502056
404	5	0.0256360445477943
405	8	0.0283700578828325
406	11	0.0355124288793132
407	12	0.277107966926851
408	12	-0.0727695720524162
409	12	0.364511910351146
410	12	-0.000215865782393188
411	31	0.0268782196257371
412	40	-0.0441421166173797
413	3	0.0854422972489308
414	1	-0.0273352271022453
415	4	-0.066745000973973
416	5	-0.0372812421546556
417	8	-0.203949739245182
418	29	0
419	9	0
420	30	0
421	3	-0.0951157274483148
422	1	-0.0381386321821955
423	4	-0.0508054913647218
424	5	-0.0352219575411059
425	8	0.0844639519973773
426	27	0.235303448993622
427	28	0.235753254275403
428	28	0.403020174660653
429	3	-0.0744001146990678
430	2	0.0773054386179144
431	4	-0.0508054913647218
432	5	-0.0352219575411059
433	3	-0.0444019780239131
434	1	-0.0415471619808923
435	4	-0.0508054913647218
436	5	-0.0860824659448758
437	17	0.0933707129845631
438	16	0.15261413979042
439	6	-0.396289587733834
440	3	-0.0444019780239131
441	1	-0.032326042939971
442	4	0.0367775488118633
443	5	0.0230247675751984
444	17	0.130873788489577
445	16	0.164315672884947
446	6	-0.354063067984834
447	3	0.0151236217908179
448	1	-0.032326042939971
449	4	-0.0508054913647218
450	5	-0.067154596257204
451	15	0.140575936402666
452	16	0.15261413979042
453	3	-0.0880774362190424
454	1	-0.0401007415454133
455	4	-0.0864845641699548
456	5	-0.0660496591101269
457	15	0.0614542603723134
458	16	0.037938218197791
459	3	-0.0951157274483148
460	1	-0.0549677375302595
461	4	-0.0889129376764908
462	5	-0.0660496591101269
463	15	-0.181778928121121
464	16	-0.259222691119192
465	3	-0.0833301353081923
466	1	-0.060418591651155
467	4	-0.0939895302606351
468	5	-0.0660496591101269
469	8	-0.00626368911053365
470	7	0.253871885217705
471	6	0.166066217398771
472	6	0.287386553630085
473	3	0.00303050608109245
474	1	-0.0273352271022453
475	4	-0.0889129376764908
476	5	-0.0660496591101269
477	8	-0.203949739245182
478	11	0
479	12	0
480	12	0
481	12	0
482	12	0
483	12	0
484	3	-0.0951157274483148
485	1	-0.0381386321821955
486	4	-0.0714648551758454
487	5	0.0904842725117838
488	8	0.0844639519973773
489	8	0.0582079575910379
490	27	0.00193705949246414
491	28	0.0234458425236941
492	28	-0.229755114926833
493	3	-0.0744001146990678
494	1	-0.0415471619808923
495	4	-0.0714648551758454
496	5	-0.0860824659448758
497	7	-0.210341999455069
498	6	-0.0362318538940984
499	6	-0.274371493972029
500	3	-0.0951157274483148
501	1	-0.0549677375302595
502	4	-0.066745000973973
503	5	0.0256360445477943
504	8	-0.0524960071961349
505	8	-0.147435054801708
506	37	-0.429437866799696
507	36	0
508	21	0
509	22	0
510	22	0
511	3	-0.0951157274483148
512	1	-0.0381386321821955
513	4	-0.0153486292559304
514	5	0.0230247675751984
515	8	0.0844639519973773
516	7	0.167457988241944
517	6	0.314508889126974
518	6	0.284733299561042
519	3	-0.0744001146990678
520	2	0.080897989020821
521	4	-0.0714648551758454
522	5	-0.067154596257204
523	3	-0.0952589669986947
524	1	-0.060418591651155
525	4	-0.0939895302606351
526	5	-0.0660496591101269
527	8	-0.107073254581888
528	8	-0.147435054801708
529	37	-0.352526680849515
530	36	-0.500804733082583
531	21	-0.39874045680853
532	22	-0.0408465582867823
533	22	-0.511121198426285
534	3	-0.0952589669986947
535	1	-0.0415471619808923
536	4	-0.0939895302606351
537	5	-0.0860824659448758
538	8	0.125996377095515
539	8	0.108943740731124
540	27	0.514933064960786
541	28	0.321367299171429
542	28	0.321367299171429
543	3	-0.0526217270027347
544	1	-0.0273352271022453
545	4	-0.0889129376764908
546	5	-0.00917386161135791
547	8	-0.107073254581888
548	8	-0.177928656144769
549	37	0
550	36	0
551	21	0
552	22	0
553	22	0
554	3	-0.0526217270027347
555	1	-0.060418591651155
556	4	-0.066745000973973
557	5	-0.0372812421546556
558	8	0.0844639519973773
559	11	-0.138146959492877
560	12	-0.301283406594909
561	12	-0.0727695720524162
562	12	-0.301283406594909
563	12	-0.301283406594909
564	12	-0.301283406594909
565	3	0.0854422972489308
566	2	-0.28930442079508
567	4	0.145509419510182
568	5	-0.00917386161135791
569	3	0.331498944060607
570	1	0.0823368706824041
571	4	0.145509419510182
572	5	0.116340758118113
573	8	-0.203949739245182
574	8	-0.147435054801708
575	8	0
576	35	-0.640006099474671
577	20	0
578	3	0.0854422972489308
579	1	-0.0549677375302595
580	4	-0.0864845641699548
581	5	-0.0660496591101269
582	8	-0.107073254581888
583	8	-0.203949739245182
584	27	0
585	28	-0.684385274823514
586	28	0
587	3	-0.0880774362190424
588	1	-0.032326042939971
589	4	-0.0714648551758454
590	5	-0.0660496591101269
591	17	0.130873788489577
592	16	0.15261413979042
593	6	-0.158510216489454
594	3	-0.0880774362190424
595	1	-0.0415471619808923
596	4	-0.0153486292559304
597	5	0.0230247675751984
598	8	0.125996377095515
599	23	0.132261648850215
600	38	0.0869219205122271
601	24	0.0123174737999037
602	26	0.0216551385577186
603	25	0.0706100605532947
604	3	-0.0444019780239131
605	1	0.0568908313020771
606	4	0.0367775488118633
607	5	0.0230247675751984
608	6	-0.354063067984834
609	3	-0.0744001146990678
610	1	-0.032326042939971
611	4	-0.0508054913647218
612	5	-0.0860824659448758
613	8	0.125996377095515
614	11	-0.0418066326020687
615	12	-0.000215865782393188
616	12	-0.000215865782393188
617	12	-0.000215865782393188
618	12	0.142647900035742
619	31	-0.0349929394264095
620	40	0.0545696540096285
621	3	-0.0744001146990678
622	1	-0.0381386321821955
623	4	-0.0508054913647218
624	5	-0.0352219575411059
625	15	0.108191399432322
626	16	0.037938218197791
627	3	-0.0744001146990678
628	1	-0.0381386321821955
629	4	-0.0939895302606351
630	5	-0.0660496591101269
631	7	0.167457988241944
632	6	0.284733299561042
633	6	0.317921244591662
634	3	0.00303050608109245
635	1	-0.0273352271022453
636	4	-0.066745000973973
637	5	0.0597640554216827
638	6	0
639	3	-0.0526217270027347
640	1	-0.0473493048274038
641	4	-0.066745000973973
642	5	-0.00917386161135791
643	8	0.116063550981538
644	11	-0.218181452872085
645	12	-0.215954875644075
646	12	-0.372298677175283
647	12	-0.301283406594909
648	12	-0.215954875644075
649	31	-0.0558399585049871
650	40	-0.0165314446621423
651	3	-0.0526217270027347
652	2	-0.242082494426215
653	4	0.0556827126271067
654	5	-0.0372812421546556
655	3	0.200300849867222
656	1	0.0823368706824041
657	4	0.0556827126271067
658	5	0.0597640554216827
659	8	0
660	27	0
661	28	0
662	28	0
663	3	0.200300849867222
664	1	0.0823368706824041
665	4	-0.0174157167502056
666	5	-0.00917386161135791
667	8	-0.203949739245182
668	33	0
669	34	0
670	18	0
671	3	-0.0526217270027347
672	1	-0.0401007415454133
673	4	-0.0864845641699548
674	5	-0.067154596257204
675	8	0.0844639519973773
676	8	0.0283700578828325
677	27	-0.258640749212783
678	28	-0.388736342295969
679	28	-0.388736342295969
680	3	-0.0880774362190424
681	1	-0.0415471619808923
682	4	-0.0714648551758454
683	5	-0.0853687962898357
684	7	-0.210341999455069
685	8	0.125996377095515
686	6	-0.0362318538940984
687	6	0.0748050439101808
688	3	-0.0833301353081923
689	1	-0.0549677375302595
690	4	-0.066745000973973
691	5	0.0256360445477943
692	8	-0.107073254581888
693	27	-0.401600828596307
694	28	-0.53799995291655
695	28	0
696	3	-0.0951157274483148
697	1	-0.0473493048274038
698	4	-0.0864845641699548
699	5	-0.0372812421546556
700	8	0.0582079575910379
701	8	0.0283700578828325
702	27	0.00193705949246414
703	28	-0.53799995291655
704	28	-0.103712009754008
705	3	-0.0880774362190424
706	1	-0.0415471619808923
707	4	-0.0714648551758454
708	5	-0.0860824659448758
709	7	-0.301035355146831
710	6	-0.274371493972029
711	6	-0.274371493972029
712	3	-0.0880774362190424
713	1	-0.0473493048274038
714	4	-0.066745000973973
715	5	0.0597640554216827
716	7	0.167457988241944
717	6	0.287386553630085
718	6	0.166066217398771
719	3	0.00303050608109245
720	1	0.190641667003145
721	4	0.254378375529024
722	5	0
723	15	-0.295389919455915
724	16	0
725	3	0.200300849867222
726	1	0.0217912312164792
727	4	0.0556827126271067
728	5	0.116340758118113
729	8	-0.147435054801708
730	23	-0.0345172156169777
731	38	-0.166773011227107
732	24	0.0740364937017963
733	26	0
734	25	0
735	3	0.0854422972489308
736	1	-0.0273352271022453
737	4	-0.0889129376764908
738	5	-0.00917386161135791
739	6	0.267590254799068
740	3	-0.0951157274483148
741	1	-0.0415471619808923
742	4	-0.0508054913647218
743	5	-0.0352219575411059
744	8	0.116063550981538
745	27	0.334283672899649
746	28	0.140580724086703
747	28	0.403020174660653
748	3	-0.0744001146990678
749	1	-0.032326042939971
750	4	0.0367775488118633
751	5	-0.0352219575411059
752	8	0.0844639519973773
753	8	0.0283700578828325
754	8	-0.00626368911053365
755	35	-0.479074227041829
756	20	-0.0719668281986223
757	3	0.0151236217908179
758	1	0.0568908313020771
759	4	0.0997419586640982
760	5	0.140705847992152
761	7	-0.301035355146831
762	8	0.108943740731124
763	6	-0.354063067984834
764	6	-0.274371493972029
765	3	0.0879260899139638
766	1	0.0568908313020771
767	4	0.164605207198245
768	5	0.0904842725117838
769	7	-0.295710074104569
770	8	0.0433174283561577
771	6	-0.401222156115896
772	6	-0.396289587733834
773	3	0.231717935854871
774	1	0.275727563112717
775	4	0.244001788345788
776	5	0.180564718513895
777	8	0.0433174283561577
778	11	-0.440214207957608
779	12	-0.372298677175283
780	12	-0.372298677175283
781	12	-0.301283406594909
782	12	-0.301283406594909
783	12	-0.215954875644075
784	3	0.235944212866863
785	1	0.233906424949089
786	4	0.0997419586640982
787	5	0.0230247675751984
788	8	0.108943740731124
789	33	0.38074729808307
790	34	0.19804744021967
791	18	0.281590220006315
792	3	0.160260539703991
793	1	-0.0415471619808923
794	4	-0.0714648551758454
795	5	-0.0352219575411059
796	15	0.0884472741538991
797	16	-0.00914212490132815
798	3	-0.0952589669986947
799	1	-0.0401007415454133
800	4	-0.0939895302606351
801	5	-0.0853687962898357
802	7	0.253871885217705
803	8	-0.00626368911053365
804	6	0.317921244591662
805	6	0.287386553630085
806	3	-0.0526217270027347
807	1	0.0823368706824041
808	4	-0.0889129376764908
809	5	-0.00917386161135791
810	15	-0.295389919455915
811	16	-0.259222691119192
812	3	-0.0952589669986947
813	1	-0.032326042939971
814	4	0.0367775488118633
815	5	0.0230247675751984
816	8	0.108943740731124
817	8	0.116063550981538
818	33	-0.00725925122183835
819	34	-0.0754616967411765
820	18	-0.162935306145568
821	3	0.0151236217908179
822	1	0.0568908313020771
823	4	-0.0508054913647218
824	5	-0.0352219575411059
825	8	0.0711828424387226
826	7	-0.301035355146831
827	6	-0.354063067984834
828	6	-0.0362318538940984
829	3	-0.0952589669986947
830	1	-0.060418591651155
831	4	-0.0889129376764908
832	5	-0.0372812421546556
833	8	-0.147435054801708
834	8	-0.177928656144769
835	27	0
836	28	0
837	28	0
838	3	-0.0833301353081923
839	1	-0.0473493048274038
840	4	-0.0864845641699548
841	5	-0.0660496591101269
842	8	0.0283700578828325
843	8	-0.107073254581888
844	37	-0.293732845452868
845	36	-0.500804733082583
846	21	0
847	22	0
848	22	0
849	3	0.0151236217908179
850	1	-0.032326042939971
851	4	-0.0508054913647218
852	5	-0.0860824659448758
853	8	0.0711828424387226
854	11	-0.550112366361791
855	12	-0.372298677175283
856	12	-0.472419185688893
857	12	-0.372298677175283
858	12	-0.472419185688893
859	12	-0.372298677175283
860	3	-0.0744001146990678
861	1	-0.0415471619808923
862	4	-0.0939895302606351
863	5	-0.0372812421546556
864	6	-0.158510216489454
865	3	-0.0526217270027347
866	1	0.0823368706824041
867	4	0.145509419510182
868	5	0
869	8	-0.203949739245182
870	27	0
871	28	0
872	28	0
873	3	0.200300849867222
874	1	0.0217912312164792
875	4	-0.0174157167502056
876	5	0.116340758118113
877	8	-0.147435054801708
878	8	-0.147435054801708
879	8	-0.203949739245182
880	35	-0.799715534012662
881	20	0
882	3	-0.0833301353081923
883	1	-0.060418591651155
884	4	-0.0889129376764908
885	5	-0.0660496591101269
886	6	0.284733299561042
887	3	0.00303050608109245
888	1	0.0217912312164792
889	4	0.0556827126271067
890	5	0.0926912633429762
891	6	0.267590254799068
892	3	-0.0526217270027347
893	2	-0.0854026859385559
894	4	-0.066745000973973
895	5	0.0597640554216827
896	3	-0.0951157274483148
897	1	-0.0415471619808923
898	4	-0.0508054913647218
899	5	-0.0352219575411059
900	7	-0.301035355146831
901	8	0.116063550981538
902	6	-0.354063067984834
903	6	-0.158510216489454
904	3	-0.0744001146990678
905	1	-0.0381386321821955
906	4	-0.0153486292559304
907	5	0.0230247675751984
908	6	0.233321541464448
909	3	0.0879260899139638
910	1	0.233906424949089
911	4	0.210790441457704
912	5	0.140705847992152
913	8	0.0378705035301783
914	8	0.0711828424387226
915	37	0.451004061433963
916	36	0.198098946090342
917	21	0.543051098874169
918	22	0.672196817963296
919	22	0.25868381079558
920	3	0.231717935854871
921	2	0.125651144761856
922	4	0.164605207198245
923	5	0.179979475661333
924	3	0.0151236217908179
925	1	-0.00769727467539205
926	4	0.164605207198245
927	5	0.140705847992152
928	8	0.0504568924604776
929	7	-0.301035355146831
930	6	-0.0362318538940984
931	6	-0.354063067984834
932	3	0.0879260899139638
933	1	0.142902339290441
934	4	0.164605207198245
935	5	0.140705847992152
936	8	0.0504568924604776
937	8	0.0711828424387226
938	37	0.474001941736954
939	36	0.567397776053664
940	21	0.655383519492275
941	22	0.15422283921956
942	22	0.25868381079558
943	3	0.0879260899139638
944	1	0.0568908313020771
945	4	0.164605207198245
946	5	0.140705847992152
947	8	0.0504568924604776
948	7	-0.35331825469849
949	6	-0.396289587733834
950	6	-0.354063067984834
951	3	0.160260539703991
952	1	0.233906424949089
953	4	0.210790441457704
954	5	0.0904842725117838
955	8	0.0433174283561577
956	33	0.0841991592044922
957	34	-0.0435206713787952
958	18	0.131002147477273
959	10	0.297129800302633
960	1	0.0568908313020771
961	4	0.0367775488118633
962	5	-0.067154596257204
963	8	0.108943740731124
964	8	0.108943740731124
965	32	0.206809400812437
966	3	-0.0444019780239131
967	1	-0.0381386321821955
968	4	-0.0864845641699548
969	5	-0.0372812421546556
970	8	0.0283700578828325
971	8	-0.107073254581888
972	33	-0.406877118656078
973	34	0
974	18	0
975	3	-0.0952589669986947
976	1	-0.0473493048274038
977	4	-0.0714648551758454
978	5	-0.067154596257204
979	7	0.253871885217705
980	6	0.314508889126974
981	6	0.314508889126974
982	3	-0.0744001146990678
983	1	-0.0415471619808923
984	4	-0.0714648551758454
985	5	-0.0660496591101269
986	15	0.16004715746276
987	16	0.15261413979042
988	3	-0.0880774362190424
989	1	-0.060418591651155
990	4	-0.0174157167502056
991	5	-0.00917386161135791
992	15	0.0614542603723134
993	16	-0.185029275014807
994	3	0
995	1	0
996	4	0
997	5	0
998	15	0
999	16	0
1000	3	0.331498944060607
1001	1	0.190641667003145
1002	4	-0.066745000973973
1003	5	-0.0372812421546556
1004	15	0
1005	16	0
1006	3	0.00303050608109245
1007	1	-0.060418591651155
1008	4	-0.0939895302606351
1009	5	-0.0853687962898357
1010	8	-0.147435054801708
1011	11	0.634027782772915
1012	12	0.329679888078124
1013	12	0
1014	12	0.38970895678639
1015	12	0
1016	12	0
1017	3	0.0854422972489308
1018	1	0.0823368706824041
1019	4	0.145509419510182
1020	5	0.116340758118113
1021	8	0
1022	27	0
1023	28	0
1024	28	0
1025	3	0.0854422972489308
1026	1	0.0823368706824041
1027	4	0.0556827126271067
1028	5	-0.00917386161135791
1029	8	-0.203949739245182
1030	7	0
1031	6	0
1032	6	0
1033	3	0.200300849867222
1034	1	0.0823368706824041
1035	4	-0.0174157167502056
1036	5	0.0597640554216827
1037	6	0
1038	3	-0.0951157274483148
1039	1	-0.0401007415454133
1040	4	-0.0864845641699548
1041	5	-0.0853687962898357
1042	8	0.116063550981538
1043	27	0.235303448993622
1044	28	0.0234458425236941
1045	28	0.403020174660653
1046	10	0.0753269090534765
1047	1	-0.0381386321821955
1048	4	0.0367775488118633
1049	5	0.0230247675751984
1050	8	0.0582079575910379
1051	8	0.0283700578828325
1052	32	-0.00127408077536018
1053	3	0.0151236217908179
1054	1	0.142902339290441
1055	4	0.164605207198245
1056	5	0.0904842725117838
1057	6	-0.396289587733834
1058	3	0.0879260899139638
1059	1	-0.032326042939971
1060	4	-0.0508054913647218
1061	5	-0.067154596257204
1062	8	0.125996377095515
1063	8	0.0582079575910379
1064	37	0.0555293891723219
1065	36	0.00936002367429456
1066	21	-0.510676955696301
1067	22	-0.618596215283133
1068	22	-0.511121198426285
1069	10	-0.0199398679397733
1070	1	-0.060418591651155
1071	4	-0.0889129376764908
1072	5	0.0926912633429762
1073	8	-0.177928656144769
1074	8	-0.147435054801708
1075	32	-0.0427088571593446
1076	3	-0.0952589669986947
1077	1	-0.0473493048274038
1078	4	-0.0864845641699548
1079	5	-0.0860824659448758
1080	8	-0.00626368911053365
1081	11	0.374741683563626
1082	12	0.38970895678639
1083	12	0.329679888078124
1084	12	0
1085	12	0.398404742408747
1086	12	0
1087	3	-0.0951157274483148
1088	1	-0.0473493048274038
1089	4	-0.066745000973973
1090	5	-0.00917386161135791
1091	15	0.108191399432322
1092	16	0.135084649745608
1093	3	0.00303050608109245
1094	1	0.0823368706824041
1095	4	-0.0174157167502056
1096	5	0.0256360445477943
1097	8	0
1098	8	0
1099	37	0
1100	36	0
1101	21	0
1102	22	0
1103	22	0
1104	3	-0.0833301353081923
1105	1	-0.0401007415454133
1106	4	-0.0508054913647218
1107	5	0.0230247675751984
1108	8	0.0582079575910379
1109	7	0.253871885217705
1110	6	0.284733299561042
1111	6	0.314508889126974
1112	3	-0.0744001146990678
1113	2	0.080897989020821
1114	4	-0.0153486292559304
1115	5	-0.067154596257204
1116	3	0.0151236217908179
1117	1	-0.00769727467539205
1118	4	0.0367775488118633
1119	5	0.0904842725117838
1120	8	0.108943740731124
1121	8	0.0844639519973773
1122	27	0.118277920259887
1123	28	0.0234458425236941
1124	28	-0.103712009754008
1125	3	-0.0444019780239131
1126	1	-0.0415471619808923
1127	4	-0.0508054913647218
1128	5	-0.0860824659448758
1129	8	0.0283700578828325
1130	13	0.244699689274225
1131	24	0.0720719829442125
1132	11	0.149082209767019
1133	39	0.231272507155267
1134	14	0.270228394120109
1135	12	0.0714418652309208
1136	12	0.329679888078124
1137	12	0.142647900035742
1138	12	0.277107966926851
1139	3	-0.0744001146990678
1140	1	-0.0381386321821955
1141	4	-0.0939895302606351
1142	5	-0.0660496591101269
1143	8	0.0582079575910379
1144	27	0.00193705949246414
1145	28	-0.229755114926833
1146	28	-0.229755114926833
1147	3	-0.0526217270027347
1148	1	0.0823368706824041
1149	4	0.145509419510182
1150	5	0.0597640554216827
1151	7	0
1152	6	0
1153	6	0
1154	10	-0.166475405204194
1155	1	0.0217912312164792
1156	4	-0.0174157167502056
1157	5	-0.0372812421546556
1158	8	-0.177928656144769
1159	8	-0.203949739245182
1160	32	-0.29448770021698
1161	3	-0.0526217270027347
1162	1	-0.0549677375302595
1163	4	-0.0174157167502056
1164	5	0.0256360445477943
1165	8	0.0844639519973773
1166	8	0.116063550981538
1167	8	0.0711828424387226
1168	35	1.03256555420127
1169	20	0.965337900945114
1170	3	0.200300849867222
1171	1	0.0823368706824041
1172	4	0
1173	5	0
1174	7	0.588776708191616
1175	6	0
1176	6	0.267590254799068
1177	3	0
1178	1	0
1179	4	0
1180	5	0
1181	8	0
1182	8	0
1183	27	-0.655602345816106
1184	28	-0.229755114926833
1185	28	0
1186	3	0.331498944060607
1187	1	0.190641667003145
1188	4	0.254378375529024
1189	5	0
1190	8	0
1191	8	0
1192	37	0
1193	36	0
1194	21	0
1195	22	0
1196	22	0
1197	3	0.00303050608109245
1198	1	0.0217912312164792
1199	4	0.0556827126271067
1200	5	-0.00917386161135791
1201	7	0.167457988241944
1202	6	0.284733299561042
1203	6	0.317921244591662
1204	3	0.0854422972489308
1205	1	0.0217912312164792
1206	4	-0.066745000973973
1207	5	0.0256360445477943
1208	8	-0.177928656144769
1209	29	0
1210	9	0
1211	30	0
1212	3	-0.0833301353081923
1213	1	-0.0381386321821955
1214	4	-0.0939895302606351
1215	5	-0.0372812421546556
1216	8	0.125996377095515
1217	27	0.514933064960786
1218	28	0.49347641721319
1219	28	0.545207654197127
1220	3	-0.0833301353081923
1221	1	-0.0549677375302595
1222	4	-0.0939895302606351
1223	5	-0.0860824659448758
1224	8	-0.107073254581888
1225	8	-0.177928656144769
1226	37	0
1227	36	0
1228	21	0
1229	22	0
1230	22	0
1231	3	-0.0951157274483148
1232	1	-0.0415471619808923
1233	4	-0.0153486292559304
1234	5	-0.0853687962898357
1235	7	-0.00925966979750559
1236	8	0.116063550981538
1237	6	0.233321541464448
1238	6	-0.274371493972029
1239	3	-0.0744001146990678
1240	1	-0.0401007415454133
1241	4	-0.0508054913647218
1242	5	-0.0860824659448758
1243	8	0.116063550981538
1244	33	0.130520369987546
1245	34	0.267573980734927
1246	18	0.00777527666722566
1247	3	0.0879260899139638
1248	2	0.106908190803128
1249	4	0.210790441457704
1250	5	0.179979475661333
1251	3	0.231717935854871
1252	1	0.233906424949089
1253	4	0.244001788345788
1254	5	0.180564718513895
1255	8	0.0433174283561577
1256	11	-0.550112366361791
1257	12	-0.301283406594909
1258	12	-0.372298677175283
1259	12	-0.301283406594909
1260	12	-0.14235740424138
1261	12	-0.0727695720524162
1262	3	0.160260539703991
1263	1	0.0568908313020771
1264	4	0.164605207198245
1265	5	0.179979475661333
1266	8	0.0711828424387226
1267	29	-0.345512551781022
1268	9	-0.239605034907333
1269	30	-0.254293636502727
1270	3	0.0879260899139638
1271	1	-0.032326042939971
1272	4	-0.0508054913647218
1273	5	-0.0860824659448758
1274	7	-0.295710074104569
1275	8	0.0504568924604776
1276	6	-0.354063067984834
1277	6	-0.401222156115896
1278	3	0.0151236217908179
1279	1	-0.0381386321821955
1280	4	-0.0508054913647218
1281	5	0.0230247675751984
1282	8	0.116063550981538
1283	23	-0.0643199573256528
1284	38	0.00927793323716974
1285	24	0.0365071807883259
1286	26	0.00799512507345757
1287	25	-0.116645642170186
1288	3	-0.0744001146990678
1289	1	-0.0415471619808923
1290	4	-0.0864845641699548
1291	5	-0.0853687962898357
1292	8	0.108943740731124
1293	33	0.219134262874098
1294	34	0.324469028188068
1295	18	0.186976594419688
1296	3	-0.0951157274483148
1297	1	-0.0473493048274038
1298	4	-0.0714648551758454
1299	5	-0.0853687962898357
1300	8	-0.0524960071961349
1301	33	-0.187809116404272
1302	34	-0.397876642322422
1303	18	0.00777527666722566
1304	3	-0.0744001146990678
1305	1	-0.0401007415454133
1306	4	-0.0864845641699548
1307	5	-0.0372812421546556
1308	29	-0.0513043614516295
1309	19	-0.290550852406868
1310	3	-0.0952589669986947
1311	1	-0.0473493048274038
1312	4	-0.0864845641699548
1313	5	-0.0853687962898357
1314	8	-0.0524960071961349
1315	8	-0.147435054801708
1316	27	-0.542262557338105
1317	28	-0.684385274823514
1318	28	-0.684385274823514
1319	3	-0.0951157274483148
1320	1	-0.0549677375302595
1321	4	-0.0174157167502056
1322	5	0.116340758118113
1323	8	-0.147435054801708
1324	33	-0.406877118656078
1325	34	0
1326	18	-0.556608368049889
1327	3	0.00303050608109245
1328	1	0.0217912312164792
1329	4	-0.0174157167502056
1330	5	-0.0372812421546556
1331	8	-0.147435054801708
1332	8	-0.177928656144769
1333	8	-0.177928656144769
1334	35	-0.479074227041829
1335	20	-0.875296181528445
1336	3	0.00303050608109245
1337	1	-0.0549677375302595
1338	4	-0.066745000973973
1339	5	-0.0372812421546556
1340	8	-0.177928656144769
1341	27	-0.542262557338105
1342	28	0
1343	28	-0.229755114926833
1344	3	0.0854422972489308
1345	1	0.0217912312164792
1346	4	-0.066745000973973
1347	5	0.0256360445477943
1348	8	0
1349	11	0
1350	12	0
1351	12	0
1352	12	0
1353	12	0
1354	12	0
1355	3	0.00303050608109245
1356	2	-0.00125672235655827
1357	4	-0.0939895302606351
1358	5	-0.0860824659448758
1359	3	-0.0880774362190424
1360	1	-0.0415471619808923
1361	4	-0.0508054913647218
1362	5	-0.0352219575411059
1363	8	0.116063550981538
1364	7	-0.210341999455069
1365	6	-0.274371493972029
1366	6	-0.274371493972029
1367	3	-0.0880774362190424
1368	1	-0.0401007415454133
1369	4	-0.0864845641699548
1370	5	-0.0853687962898357
1371	8	-0.00626368911053365
1372	11	0.374741683563626
1373	12	0.329679888078124
1374	12	0.364511910351146
1375	12	0.398404742408747
1376	12	0.398404742408747
1377	12	0
1378	3	-0.0833301353081923
1379	1	-0.0473493048274038
1380	4	-0.0714648551758454
1381	5	-0.0860824659448758
1382	8	-0.0524960071961349
1383	27	-0.401600828596307
1384	28	-0.388736342295969
1385	28	-0.684385274823514
1386	3	-0.0952589669986947
1387	1	-0.0415471619808923
1388	4	-0.0153486292559304
1389	5	0.0230247675751984
1390	8	0.116063550981538
1391	8	0.125996377095515
1392	37	0.365251518000427
1393	36	0.324470495435228
1394	21	0.400541073200626
1395	22	0.626212313108199
1396	22	0.25868381079558
1397	3	0.160260539703991
1398	1	0.0568908313020771
1399	4	0.0997419586640982
1400	5	-0.0352219575411059
1401	8	0.0504568924604776
1402	29	-0.345512551781022
1403	9	-0.34750871414387
1404	30	-0.254293636502727
1405	3	0.0151236217908179
1406	1	-0.0415471619808923
1407	4	-0.0508054913647218
1408	5	-0.0853687962898357
1409	8	0.0283700578828325
1410	7	0.389610927244322
1411	6	0.287386553630085
1412	6	0.267590254799068
1413	3	-0.0444019780239131
1414	2	0.0832584768986688
1415	4	-0.0153486292559304
1416	5	-0.067154596257204
1417	3	0.0151236217908179
1418	1	-0.00769727467539205
1419	4	0.0997419586640982
1420	5	0.179979475661333
1421	8	0.0504568924604776
1422	8	0.125996377095515
1423	27	0.570636429203232
1424	28	0.545207654197127
1425	28	0.513477833423276
1426	3	0.231717935854871
1427	1	0.294835369530145
1428	4	0.164605207198245
1429	5	0.0904842725117838
1430	7	-0.259178169461765
1431	8	0.0433174283561577
1432	6	-0.396289587733834
1433	6	-0.3396514014721
1434	3	0.0879260899139638
1435	1	-0.00769727467539205
1436	4	-0.0153486292559304
1437	5	-0.067154596257204
1438	8	0.125996377095515
1439	8	0.0844639519973773
1440	27	0.235303448993622
1441	28	0.403020174660653
1442	28	-0.103712009754008
1443	3	-0.0744001146990678
1444	1	-0.0473493048274038
1445	4	-0.0939895302606351
1446	5	-0.00917386161135791
1447	8	-0.00626368911053365
1448	8	-0.107073254581888
1449	27	-0.655602345816106
1450	28	-0.388736342295969
1451	28	0
1452	3	-0.0880774362190424
1453	1	-0.032326042939971
1454	4	-0.0508054913647218
1455	5	-0.0860824659448758
1456	8	0.108943740731124
1457	8	0.116063550981538
1458	37	0.0555293891723219
1459	36	-0.0756019740203611
1460	21	-0.261073319321036
1461	22	-0.381251553990166
1462	22	-0.257807340463486
1463	3	-0.0444019780239131
1464	1	-0.032326042939971
1465	4	-0.0864845641699548
1466	5	-0.0660496591101269
1467	8	0.0711828424387226
1468	11	-0.218181452872085
1469	12	-0.301283406594909
1470	12	-0.301283406594909
1471	12	-0.372298677175283
1472	12	-0.372298677175283
1473	12	-0.301283406594909
1474	3	-0.0880774362190424
1475	2	0.0468836158487722
1476	4	0.0556827126271067
1477	5	0.116340758118113
1478	3	0.0854422972489308
1479	1	0.190641667003145
1480	4	0.254378375529024
1481	5	0
1482	6	0.244964062866751
1483	3	0.00303050608109245
1484	1	-0.0273352271022453
1485	4	0.254378375529024
1486	5	0
1487	8	-0.00626368911053365
1488	7	-0.00925966979750559
1489	6	0.284733299561042
1490	6	0.0748050439101808
1491	3	0.200300849867222
1492	1	0
1493	4	0.254378375529024
1494	5	0
1495	7	0
1496	8	0
1497	6	0
1498	6	0
1499	3	0.0854422972489308
1500	1	0.0217912312164792
1501	4	-0.0174157167502056
1502	5	-0.0372812421546556
1503	6	0.287386553630085
1504	3	0.200300849867222
1505	1	0.190641667003145
1506	4	-0.0174157167502056
1507	5	0.0256360445477943
1508	8	0
1509	8	0
1510	37	0
1511	36	0
1512	21	0
1513	22	0
1514	22	0
1515	3	-0.0526217270027347
1516	1	-0.0401007415454133
1517	4	-0.0864845641699548
1518	5	-0.0660496591101269
1519	7	-0.107991031882384
1520	6	-0.158510216489454
1521	6	-0.158510216489454
1522	3	-0.0952589669986947
1523	1	-0.060418591651155
1524	4	-0.0939895302606351
1525	5	-0.0660496591101269
1526	8	-0.107073254581888
1527	27	-0.542262557338105
1528	28	-0.684385274823514
1529	28	-0.684385274823514
1530	3	-0.0744001146990678
1531	1	0.0568908313020771
1532	4	0.0997419586640982
1533	5	0.179979475661333
1534	8	0.108943740731124
1535	13	-0.153229053861471
1536	24	0.00887798594573574
1537	11	-0.322724162897173
1538	39	-0.0272091355092132
1539	14	-0.137479752079115
1540	12	-0.43583593118545
1541	12	-0.301283406594909
1542	12	-0.43583593118545
1543	12	-0.43583593118545
1544	3	0.160260539703991
1545	1	0.275727563112717
1546	4	0.210790441457704
1547	5	0.140705847992152
1548	7	-0.200642666869924
1549	6	-0.382892517280527
1550	6	-0.382892517280527
1551	3	0.160260539703991
1552	1	0.142902339290441
1553	4	0.0997419586640982
1554	5	0.140705847992152
1555	15	-0.144291981647309
1556	16	0.0699178461443273
1557	3	0.0151236217908179
1558	1	0.142902339290441
1559	4	0.0367775488118633
1560	5	0.0230247675751984
1561	8	0.108943740731124
1562	7	-0.350378403111764
1563	6	-0.396289587733834
1564	6	-0.0362318538940984
1565	3	-0.0444019780239131
1566	2	0.0773054386179144
1567	4	-0.0153486292559304
1568	5	-0.067154596257204
1569	3	-0.0744001146990678
1570	2	0.0833397143975816
1571	4	-0.0508054913647218
1572	5	-0.0860824659448758
1573	3	-0.0880774362190424
1574	2	0.0833397143975816
1575	4	-0.0714648551758454
1576	5	-0.0660496591101269
1577	3	-0.0880774362190424
1578	1	-0.0415471619808923
1579	4	-0.0153486292559304
1580	5	-0.067154596257204
1581	7	-0.107991031882384
1582	8	0.116063550981538
1583	6	-0.0362318538940984
1584	6	-0.0362318538940984
1585	3	-0.0444019780239131
1586	1	-0.0381386321821955
1587	4	-0.0508054913647218
1588	5	-0.067154596257204
1589	8	0.0582079575910379
1590	23	-0.0383812981205409
1591	38	-0.0502378277115856
1592	24	0.0499743796162813
1593	26	-0.130678009098704
1594	25	-0.116645642170186
1595	3	-0.0744001146990678
1596	1	-0.0415471619808923
1597	4	-0.0864845641699548
1598	5	-0.0660496591101269
1599	8	0.116063550981538
1600	11	-0.0418066326020687
1601	12	0.0714418652309208
1602	12	0.0714418652309208
1603	12	-0.000215865782393188
1604	12	0.0714418652309208
1605	12	-0.000215865782393188
1606	3	-0.0833301353081923
1607	1	-0.0549677375302595
1608	4	-0.066745000973973
1609	5	-0.0372812421546556
1610	17	-0.0872907327361281
1611	16	-0.185029275014807
1612	6	0.317921244591662
1613	3	-0.0833301353081923
1614	2	0.0468836158487722
1615	4	-0.0174157167502056
1616	5	0.0926912633429762
1617	3	0.200300849867222
1618	1	0
1619	4	0
1620	5	0
1621	8	0
1622	27	0
1623	28	0
1624	28	0
1625	3	0.200300849867222
1626	1	0.0823368706824041
1627	4	-0.0174157167502056
1628	5	-0.00917386161135791
1629	8	-0.177928656144769
1630	27	0
1631	28	-0.684385274823514
1632	28	0
1633	3	0.00303050608109245
1634	1	-0.0273352271022453
1635	4	-0.066745000973973
1636	5	0.0597640554216827
1637	8	-0.147435054801708
1638	11	0.450816893741564
1639	12	0.364511910351146
1640	12	0.142647900035742
1641	12	0.277107966926851
1642	12	0.0714418652309208
1643	31	-0.0244601064305456
1644	40	0.0545696540096285
1645	10	-0.0956651957973049
1646	1	-0.0473493048274038
1647	4	-0.066745000973973
1648	5	-0.0372812421546556
1649	8	0.0844639519973773
1650	8	0.0844639519973773
1651	32	0.166769204027005
1652	3	-0.0526217270027347
1653	1	-0.0549677375302595
1654	4	0.0556827126271067
1655	5	-0.00917386161135791
1656	7	0.389610927244322
1657	6	0.267590254799068
1658	6	0.287386553630085
1659	3	0.200300849867222
1660	1	0
1661	4	0.145509419510182
1662	5	0.0926912633429762
1663	8	0
1664	27	0
1665	28	0
1666	28	0
1667	3	0.200300849867222
1668	1	0.0217912312164792
1669	4	-0.0174157167502056
1670	5	-0.0372812421546556
1671	6	0.267590254799068
1672	3	-0.0833301353081923
1673	1	-0.0473493048274038
1674	4	-0.0864845641699548
1675	5	-0.0660496591101269
1676	8	0.0283700578828325
1677	11	-0.0418066326020687
1678	12	-0.000215865782393188
1679	12	-0.0727695720524162
1680	12	-0.0727695720524162
1681	12	-0.0727695720524162
1682	12	-0.000215865782393188
1683	3	-0.0880774362190424
1684	1	-0.0401007415454133
1685	4	-0.0889129376764908
1686	5	-0.0660496591101269
1687	15	0.0884472741538991
1688	16	0.106779812211101
1689	3	0.00303050608109245
1690	1	0.0823368706824041
1691	4	0.0556827126271067
1692	5	0.0597640554216827
1693	6	0.244964062866751
1694	3	-0.0833301353081923
1695	1	-0.0401007415454133
1696	4	-0.0714648551758454
1697	5	-0.067154596257204
1698	8	0.0582079575910379
1699	8	0.0283700578828325
1700	37	-0.0760711444330893
1701	36	-0.351876024874963
1702	21	-0.588692524844097
1703	22	0
1704	22	0
1705	3	-0.0744001146990678
1706	1	-0.0415471619808923
1707	4	-0.0508054913647218
1708	5	-0.067154596257204
1709	8	0.108943740731124
1710	7	-0.350378403111764
1711	6	-0.274371493972029
1712	6	-0.354063067984834
1713	3	-0.0951157274483148
1714	1	-0.060418591651155
1715	4	-0.0889129376764908
1716	5	-0.0372812421546556
1717	8	-0.0524960071961349
1718	8	0.0283700578828325
1719	37	-0.1428716032775
1720	36	-0.351876024874963
1721	21	0
1722	22	0
1723	22	0
1724	3	-0.0833301353081923
1725	1	-0.0549677375302595
1726	4	-0.0889129376764908
1727	5	-0.00917386161135791
1728	6	0.317921244591662
1729	3	-0.0952589669986947
1730	1	-0.032326042939971
1731	4	-0.0153486292559304
1732	5	-0.0352219575411059
1733	8	0.108943740731124
1734	11	-0.440214207957608
1735	12	-0.43583593118545
1736	12	-0.43583593118545
1737	12	-0.43583593118545
1738	12	-0.43583593118545
1739	12	-0.462800626050835
1740	3	0.0151236217908179
1741	1	-0.032326042939971
1742	4	-0.0939895302606351
1743	5	-0.0660496591101269
1744	15	0.143564844415744
1745	16	0.15261413979042
1746	3	-0.0526217270027347
1747	1	0.0823368706824041
1748	4	0.145509419510182
1749	5	0.116340758118113
1750	8	0
1751	27	0
1752	28	0
1753	28	-0.684385274823514
1754	3	0.0854422972489308
1755	1	0.0217912312164792
1756	4	-0.0174157167502056
1757	5	0.0926912633429762
1758	8	-0.147435054801708
1759	8	-0.177928656144769
1760	37	-0.222057144437128
1761	36	0
1762	21	0
1763	22	-0.511121198426285
1764	22	0
1765	3	-0.0951157274483148
1766	1	-0.0473493048274038
1767	4	0.0556827126271067
1768	5	0.116340758118113
1769	8	0.0844639519973773
1770	11	-0.138146959492877
1771	12	-0.0727695720524162
1772	12	-0.301283406594909
1773	12	-0.0727695720524162
1774	12	-0.215954875644075
1775	31	0.00804100680282005
1776	40	0.0595063037339854
1777	3	0.0854422972489308
1778	2	0
1779	4	0.0556827126271067
1780	5	0.116340758118113
1781	3	-0.0526217270027347
1782	1	-0.0549677375302595
1783	4	-0.0939895302606351
1784	5	-0.0853687962898357
1785	7	0.253871885217705
1786	6	0.284733299561042
1787	6	0.314508889126974
1788	3	-0.0833301353081923
1789	1	-0.0473493048274038
1790	4	-0.0508054913647218
1791	5	-0.0352219575411059
1792	8	0.0582079575910379
1793	8	-0.107073254581888
1794	33	-0.301710458012452
1795	34	-0.0754616967411765
1796	18	-0.556608368049889
1797	3	-0.0444019780239131
1798	1	0.0568908313020771
1799	4	0.0997419586640982
1800	5	0.0904842725117838
1801	7	-0.35331825469849
1802	8	0.0711828424387226
1803	6	-0.354063067984834
1804	6	-0.354063067984834
1805	3	0.0151236217908179
1806	1	0.0568908313020771
1807	4	0.0997419586640982
1808	5	0.0904842725117838
1809	8	0.108943740731124
1810	11	-0.440214207957608
1811	12	-0.301283406594909
1812	12	-0.215954875644075
1813	12	-0.215954875644075
1814	12	-0.301283406594909
1815	31	-0.0558399585049871
1816	40	-0.0165314446621423
1817	3	0.0879260899139638
1818	1	-0.00769727467539205
1819	4	0.0367775488118633
1820	5	-0.0352219575411059
1821	8	0.108943740731124
1822	7	-0.210341999455069
1823	6	-0.0362318538940984
1824	6	0.0748050439101808
1825	3	-0.0444019780239131
1826	1	-0.0415471619808923
1827	4	-0.0153486292559304
1828	5	-0.0352219575411059
1829	8	0.0711828424387226
1830	8	0.108943740731124
1831	27	0.571427600037409
1832	28	0.513477833423276
1833	28	0.545207654197127
1834	10	0.273041501102954
1835	1	-0.0415471619808923
1836	4	-0.0508054913647218
1837	5	-0.067154596257204
1838	8	0.0844639519973773
1839	8	0.125996377095515
1840	32	0.166769204027005
1841	3	-0.0444019780239131
1842	2	0.080897989020821
1843	4	0.0367775488118633
1844	5	0.0230247675751984
1845	3	-0.0444019780239131
1846	1	-0.032326042939971
1847	4	-0.0153486292559304
1848	5	-0.0352219575411059
1849	8	0.116063550981538
1850	8	0.0844639519973773
1851	27	0.00193705949246414
1852	28	-0.103712009754008
1853	28	0.0234458425236941
1854	3	-0.0444019780239131
1855	1	-0.0415471619808923
1856	4	0.0367775488118633
1857	5	0.0904842725117838
1858	6	-0.0362318538940984
1859	3	-0.0444019780239131
1860	1	-0.0415471619808923
1861	4	0.0367775488118633
1862	5	0.0904842725117838
1863	15	0.143564844415744
1864	16	0.172166668414127
1865	3	0.0151236217908179
1866	1	-0.00769727467539205
1867	4	0.0997419586640982
1868	5	0.140705847992152
1869	7	-0.350378403111764
1870	8	0.0711828424387226
1871	6	-0.354063067984834
1872	6	-0.401222156115896
1873	3	0.0879260899139638
1874	1	0.0568908313020771
1875	4	0.0367775488118633
1876	5	-0.0352219575411059
1877	17	0.0368237645393368
1878	16	0.15261413979042
1879	6	-0.274371493972029
1880	3	0.0151236217908179
1881	1	-0.032326042939971
1882	4	-0.0153486292559304
1883	5	-0.067154596257204
1884	8	0.0844639519973773
1885	8	0.0844639519973773
1886	8	0.0582079575910379
1887	35	0.169385672873215
1888	20	-0.0719668281986223
1889	3	0.0879260899139638
1890	1	-0.00769727467539205
1891	4	0.0367775488118633
1892	5	-0.067154596257204
1893	15	0.140575936402666
1894	16	-0.0438638783264498
1895	3	0.0151236217908179
1896	1	-0.00769727467539205
1897	4	-0.0153486292559304
1898	5	-0.067154596257204
1899	17	0.0368237645393368
1900	16	0.0699178461443273
1901	6	-0.354063067984834
1902	3	0.0151236217908179
1903	1	-0.032326042939971
1904	4	-0.0153486292559304
1905	5	0.0230247675751984
1906	17	0.0820065939395791
1907	16	0.135084649745608
1908	6	0.166066217398771
1909	3	0.0151236217908179
1910	1	0.142902339290441
1911	4	0.0367775488118633
1912	5	0.0904842725117838
1913	8	0.0378705035301783
1914	7	-0.295710074104569
1915	6	-0.401222156115896
1916	6	-0.396289587733834
1917	3	0.0151236217908179
1918	1	-0.00769727467539205
1919	4	0.164605207198245
1920	5	0.0230247675751984
1921	8	0.125996377095515
1922	8	0.0582079575910379
1923	27	0.235303448993622
1924	28	0.0234458425236941
1925	28	0.235753254275403
1926	3	0.160260539703991
1927	1	0.142902339290441
1928	4	0.210790441457704
1929	5	0.179979475661333
1930	7	-0.35331825469849
1931	6	-0.354063067984834
1932	6	-0.396289587733834
1933	3	0.0879260899139638
1934	1	-0.0415471619808923
1935	4	-0.0153486292559304
1936	5	-0.0352219575411059
1937	17	0.0820065939395791
1938	16	0.0690262486054625
1939	6	0.233321541464448
1940	3	-0.0444019780239131
1941	1	-0.00769727467539205
1942	4	-0.0508054913647218
1943	5	-0.0860824659448758
1944	7	-0.350378403111764
1945	6	-0.274371493972029
1946	6	-0.354063067984834
1947	3	-0.0952589669986947
1948	1	-0.060418591651155
1949	4	-0.066745000973973
1950	5	0.0926912633429762
1951	8	-0.0524960071961349
1952	7	0.389610927244322
1953	6	0.287386553630085
1954	6	0.287386553630085
1955	3	-0.0833301353081923
1956	1	-0.0273352271022453
1957	4	-0.0889129376764908
1958	5	-0.0372812421546556
1959	8	-0.177928656144769
1960	27	0
1961	28	0
1962	28	0
1963	3	0.00303050608109245
1964	1	-0.060418591651155
1965	4	-0.0174157167502056
1966	5	0.116340758118113
1967	17	0.0519470197085727
1968	16	0.135084649745608
1969	6	0.233321541464448
1970	3	0.00303050608109245
1971	1	0.0217912312164792
1972	4	-0.066745000973973
1973	5	-0.0372812421546556
1974	8	-0.177928656144769
1975	7	0.588776708191616
1976	6	0.267590254799068
1977	6	0
1978	3	0.0854422972489308
1979	1	0.0823368706824041
1980	4	0.254378375529024
1981	5	0.116340758118113
1982	8	-0.177928656144769
1983	11	0.634027782772915
1984	12	0.38970895678639
1985	12	0
1986	12	0.398404742408747
1987	12	0
1988	31	0
1989	40	0
1990	3	0.331498944060607
1991	1	0.190641667003145
1992	4	0
1993	5	0
1994	8	0
1995	33	0
1996	34	0
1997	18	0
1998	3	0
1999	2	0
2000	4	0
2001	5	0
2002	3	0.331498944060607
2003	1	-0.0273352271022453
2004	4	-0.0939895302606351
2005	5	-0.0372812421546556
2006	8	-0.107073254581888
2007	8	-0.203949739245182
2008	8	-0.203949739245182
2009	35	0
2010	20	0
2011	3	-0.0952589669986947
2012	1	-0.0381386321821955
2013	4	-0.0508054913647218
2014	5	-0.067154596257204
2015	8	0.0582079575910379
2016	33	0.203758030639611
2017	34	0.267573980734927
2018	18	0.216482428693708
2019	3	-0.0744001146990678
2020	1	-0.0415471619808923
2021	4	-0.0508054913647218
2022	5	-0.0853687962898357
2023	8	0.0844639519973773
2024	7	0.167457988241944
2025	6	0.0748050439101808
2026	6	0.317921244591662
2027	3	-0.0744001146990678
2028	1	-0.00769727467539205
2029	4	0.0367775488118633
2030	5	-0.0352219575411059
2031	6	-0.274371493972029
2032	3	-0.0444019780239131
2033	1	-0.0415471619808923
2034	4	-0.0153486292559304
2035	5	0.0904842725117838
2036	7	-0.00925966979750559
2037	8	0.0283700578828325
2038	6	0.0748050439101808
2039	6	0.314508889126974
2040	3	0.0879260899139638
2041	1	0.0568908313020771
2042	4	0.0367775488118633
2043	5	-0.0352219575411059
2044	7	-0.35331825469849
2045	6	-0.396289587733834
2046	6	-0.396289587733834
2047	3	-0.0744001146990678
2048	1	-0.0381386321821955
2049	4	-0.0153486292559304
2050	5	-0.0860824659448758
2051	8	-0.00626368911053365
2052	27	0.118277920259887
2053	28	0.49347641721319
2054	28	0.0234458425236941
2055	3	0.0151236217908179
2056	1	-0.00769727467539205
2057	4	0.0367775488118633
2058	5	0.179979475661333
2059	15	0.0622664383136042
2060	16	-0.183592212307682
2061	3	0.0151236217908179
2062	1	0.0568908313020771
2063	4	0.0997419586640982
2064	5	0.0904842725117838
2065	15	0.16004715746276
2066	16	0.164315672884947
2067	3	0.0879260899139638
2068	1	0.0568908313020771
2069	4	0.0367775488118633
2070	5	0.0904842725117838
2071	7	-0.35331825469849
2072	8	0.108943740731124
2073	6	-0.401222156115896
2074	6	-0.0362318538940984
2075	3	-0.0444019780239131
2076	1	-0.0415471619808923
2077	4	0.0367775488118633
2078	5	0.0230247675751984
2079	8	0.108943740731124
2080	8	0.0711828424387226
2081	27	0.571427600037409
2082	28	0.545207654197127
2083	28	0.49347641721319
2084	3	0.160260539703991
2085	1	0.142902339290441
2086	4	0.0997419586640982
2087	5	0.0904842725117838
2088	6	-0.396289587733834
2089	3	0.160260539703991
2090	1	0.233906424949089
2091	4	0.164605207198245
2092	5	0.179979475661333
2093	8	0.0711828424387226
2094	23	-0.0386185553846055
2095	38	-0.0115931838583547
2096	24	-0.0699474836815286
2097	26	0.212492147529021
2098	25	0.142732313391728
2099	3	0.160260539703991
2100	1	0.0568908313020771
2101	4	0.0367775488118633
2102	5	0.0230247675751984
2103	8	0.0504568924604776
2104	29	-0.255444187160723
2105	9	0.159143356830278
2106	30	0.251137330806237
2107	3	-0.0444019780239131
2108	1	-0.0381386321821955
2109	4	-0.0714648551758454
2110	5	-0.0853687962898357
2111	8	0.0283700578828325
2112	7	0.389610927244322
2113	6	0.267590254799068
2114	6	0.287386553630085
2115	3	0.0151236217908179
2116	1	-0.032326042939971
2117	4	-0.0714648551758454
2118	5	-0.0860824659448758
2119	8	0.108943740731124
2120	27	0.514933064960786
2121	28	0.545207654197127
2122	28	0.49347641721319
2123	3	0.0151236217908179
2124	1	-0.032326042939971
2125	4	-0.0153486292559304
2126	5	-0.0860824659448758
2127	8	0.108943740731124
2128	7	-0.301035355146831
2129	6	-0.396289587733834
2130	6	-0.274371493972029
2131	3	0.0151236217908179
2132	1	-0.032326042939971
2133	4	-0.0864845641699548
2134	5	-0.00917386161135791
2135	8	0.116063550981538
2136	7	0.0747795529600879
2137	6	0.233321541464448
2138	6	-0.0362318538940984
2139	3	-0.0951157274483148
2140	1	-0.0273352271022453
2141	4	0.0556827126271067
2142	5	0.0597640554216827
2143	7	0.512720618997602
2144	8	-0.147435054801708
2145	6	0
2146	6	0.287386553630085
2147	3	0.00303050608109245
2148	1	-0.0273352271022453
2149	4	-0.0174157167502056
2150	5	0.0926912633429762
2151	8	-0.147435054801708
2152	11	0.56071394352725
2153	12	0.364511910351146
2154	12	0
2155	12	0.398404742408747
2156	12	0
2157	31	0
2158	40	0
2159	3	-0.0526217270027347
2160	1	-0.0549677375302595
2161	4	-0.0174157167502056
2162	5	0.0597640554216827
2163	8	-0.177928656144769
2164	8	-0.203949739245182
2165	37	0
2166	36	0
2167	21	0
2168	22	0
2169	22	0
2170	3	-0.0833301353081923
2171	1	-0.0549677375302595
2172	4	0.0556827126271067
2173	5	-0.0372812421546556
2174	8	-0.0524960071961349
2175	8	-0.0524960071961349
2176	27	-0.542262557338105
2177	28	-0.684385274823514
2178	28	-0.53799995291655
2179	3	0.0854422972489308
2180	1	0.0217912312164792
2181	4	-0.0889129376764908
2182	5	-0.0660496591101269
2183	17	0
2184	16	0
2185	6	0
2186	3	-0.0952589669986947
2187	1	-0.0401007415454133
2188	4	-0.0889129376764908
2189	5	-0.0660496591101269
2190	6	-0.0362318538940984
2191	3	-0.0833301353081923
2192	1	-0.0273352271022453
2193	4	-0.066745000973973
2194	5	-0.0660496591101269
2195	8	-0.147435054801708
2196	8	-0.107073254581888
2197	8	-0.177928656144769
2198	35	-0.640006099474671
2199	20	0
2200	3	-0.0526217270027347
2201	1	-0.0473493048274038
2202	4	-0.0939895302606351
2203	5	-0.0372812421546556
2204	7	0.167457988241944
2205	6	0.317921244591662
2206	6	0.284733299561042
2207	3	-0.0833301353081923
2208	1	-0.0549677375302595
2209	4	-0.0174157167502056
2210	5	0.0256360445477943
2211	8	0.0283700578828325
2212	7	-0.00925966979750559
2213	6	0.0748050439101808
2214	6	-0.158510216489454
2215	10	-0.201463917996495
2216	1	0.0217912312164792
2217	4	0.254378375529024
2218	5	0.0926912633429762
2219	8	0
2220	8	-0.107073254581888
2221	32	-0.0427088571593446
2222	3	0
2223	1	0
2224	4	0
2225	5	0
2226	8	0
2227	33	0
2228	34	0
2229	18	0
2230	3	0
2231	1	0
2232	4	0
2233	5	0
2234	8	0
2235	8	0
2236	27	0
2237	28	0
2238	28	0
2239	3	0
2240	2	0
2241	4	0.254378375529024
2242	5	0.0597640554216827
2243	3	0.331498944060607
2244	1	0.0217912312164792
2245	4	-0.0174157167502056
2246	5	0.0926912633429762
2247	15	-0.238405454440254
2248	16	-0.185029275014807
2249	3	-0.0526217270027347
2250	1	-0.0549677375302595
2251	4	-0.0889129376764908
2252	5	-0.0372812421546556
2253	8	-0.107073254581888
2254	23	-0.0285730587219786
2255	38	-0.0502378277115856
2256	24	0.0485164561926643
2257	26	-0.262602354493932
2258	25	-0.258568164442647
2259	3	-0.0526217270027347
2260	1	-0.0549677375302595
2261	4	-0.0864845641699548
2262	5	-0.0660496591101269
2263	15	-0.101731798773654
2264	16	-0.0805055136751678
2265	3	-0.0744001146990678
2266	1	-0.0415471619808923
2267	4	-0.0508054913647218
2268	5	-0.0352219575411059
2269	8	0.125996377095515
2270	11	-0.138146959492877
2271	12	-0.0727695720524162
2272	12	-0.215954875644075
2273	12	-0.000215865782393188
2274	12	-0.0727695720524162
2275	31	-0.0349929394264095
2276	40	0.0223759016047778
2277	3	-0.0744001146990678
2278	1	-0.032326042939971
2279	4	-0.0508054913647218
2280	5	-0.067154596257204
2281	8	0.116063550981538
2282	29	0.0284191952461796
2283	9	0.274241778505036
2284	30	0.299145065752057
2285	3	-0.0444019780239131
2286	1	-0.032326042939971
2287	4	-0.0508054913647218
2288	5	-0.067154596257204
2289	7	-0.210341999455069
2290	8	0.0711828424387226
2291	6	-0.158510216489454
2292	6	-0.354063067984834
2293	3	-0.0744001146990678
2294	1	-0.0415471619808923
2295	4	-0.0153486292559304
2296	5	-0.0352219575411059
2297	29	0.0284191952461796
2298	19	0.178931084936798
2299	3	-0.0444019780239131
2300	2	0.0773054386179144
2301	4	-0.0714648551758454
2302	5	-0.0853687962898357
2303	3	-0.0952589669986947
2304	1	-0.060418591651155
2305	4	-0.066745000973973
2306	5	0.0926912633429762
2307	8	-0.107073254581888
2308	8	-0.177928656144769
2309	8	0
2310	35	0
2311	20	0
2312	3	-0.0951157274483148
2313	1	-0.0473493048274038
2314	4	-0.066745000973973
2315	5	0.0256360445477943
2316	15	0.108191399432322
2317	16	0.164315672884947
2318	3	0.0854422972489308
2319	1	0
2320	4	0.254378375529024
2321	5	0
2322	29	0
2323	19	0
2324	3	0.200300849867222
2325	1	0.0823368706824041
2326	4	0.254378375529024
2327	5	0.0597640554216827
2328	8	-0.177928656144769
2329	7	0.512720618997602
2330	6	0
2331	6	0.317921244591662
2332	3	0
2333	1	0
2334	4	0
2335	5	0
2336	6	0
2337	3	0.331498944060607
2338	2	-0.242082494426215
2339	4	-0.066745000973973
2340	5	-0.0372812421546556
2341	3	-0.0833301353081923
2342	1	-0.032326042939971
2343	4	-0.0508054913647218
2344	5	-0.067154596257204
2345	8	0.116063550981538
2346	27	0.570636429203232
2347	28	0.562384823368432
2348	28	0.513477833423276
2349	3	-0.0744001146990678
2350	1	-0.0381386321821955
2351	4	-0.0714648551758454
2352	5	-0.0860824659448758
2353	7	0.253871885217705
2354	6	0.284733299561042
2355	6	0.317921244591662
2356	3	-0.0952589669986947
2357	1	-0.0415471619808923
2358	4	-0.0508054913647218
2359	5	-0.0352219575411059
2360	8	0.116063550981538
2361	11	-0.322724162897173
2362	12	-0.215954875644075
2363	12	-0.372298677175283
2364	12	-0.301283406594909
2365	12	-0.301283406594909
2366	12	-0.43583593118545
2367	3	-0.0744001146990678
2368	2	0.0833397143975816
2369	4	-0.0939895302606351
2370	5	-0.0372812421546556
2371	3	-0.0526217270027347
2372	1	0.0217912312164792
2373	4	0.145509419510182
2374	5	0
2375	8	0
2376	8	0
2377	27	0
2378	28	0
2379	28	0
2380	3	0.0854422972489308
2381	1	-0.0273352271022453
2382	4	-0.0889129376764908
2383	5	0.0256360445477943
2384	8	-0.177928656144769
2385	11	0.634027782772915
2386	12	0.398404742408747
2387	12	0
2388	12	0
2389	12	0
2390	12	0
2391	3	-0.0833301353081923
2392	1	-0.060418591651155
2393	4	-0.066745000973973
2394	5	-0.0372812421546556
2395	8	0.0283700578828325
2396	8	-0.00626368911053365
2397	37	-0.222057144437128
2398	36	-0.0756019740203611
2399	21	0.0354052629570427
2400	22	0.0507994215845766
2401	22	0.0507994215845766
2402	3	0.00303050608109245
2403	1	-0.0273352271022453
2404	4	-0.066745000973973
2405	5	0.0256360445477943
2406	8	-0.177928656144769
2407	11	0.634027782772915
2408	12	0
2409	12	0
2410	12	0
2411	12	0
2412	12	0
2413	3	-0.0951157274483148
2414	1	-0.0381386321821955
2415	4	-0.0714648551758454
2416	5	-0.0860824659448758
2417	6	-0.0362318538940984
2418	3	-0.0952589669986947
2419	1	-0.0401007415454133
2420	4	-0.0864845641699548
2421	5	-0.0352219575411059
2422	8	0.0582079575910379
2423	8	-0.00626368911053365
2424	27	-0.116704364333929
2425	28	-0.103712009754008
2426	28	-0.103712009754008
2427	3	-0.0951157274483148
2428	1	-0.0473493048274038
2429	4	-0.0889129376764908
2430	5	0.0256360445477943
2431	8	-0.0524960071961349
2432	8	-0.147435054801708
2433	27	0
2434	28	0
2435	28	0
2436	3	-0.0951157274483148
2437	1	-0.0401007415454133
2438	4	-0.0939895302606351
2439	5	-0.0860824659448758
2440	8	0.116063550981538
2441	7	-0.107991031882384
2442	6	-0.0362318538940984
2443	6	-0.0362318538940984
2444	3	-0.0833301353081923
2445	1	-0.0549677375302595
2446	4	-0.0174157167502056
2447	5	-0.0372812421546556
2448	8	-0.203949739245182
2449	8	0
2450	8	0
2451	35	0
2452	20	0
2453	3	0.00303050608109245
2454	1	-0.0273352271022453
2455	4	0.0556827126271067
2456	5	0.116340758118113
2457	7	0.434790842024119
2458	6	0
2459	6	0.244964062866751
2460	3	0.0854422972489308
2461	2	-0.242082494426215
2462	4	0.0556827126271067
2463	5	0.0926912633429762
2464	3	0.0854422972489308
2465	1	-0.0549677375302595
2466	4	-0.0939895302606351
2467	5	-0.0860824659448758
2468	8	-0.00626368911053365
2469	27	-0.258640749212783
2470	28	-0.684385274823514
2471	28	-0.229755114926833
2472	3	-0.0952589669986947
2473	1	-0.0381386321821955
2474	4	-0.0508054913647218
2475	5	-0.0853687962898357
2476	8	0.0844639519973773
2477	8	-0.00626368911053365
2478	37	-0.1428716032775
2479	36	-0.442360024762806
2480	21	0
2481	22	0
2482	22	0
2483	3	-0.0444019780239131
2484	1	-0.0415471619808923
2485	4	-0.0508054913647218
2486	5	0.0230247675751984
2487	7	-0.301035355146831
2488	8	0.108943740731124
2489	6	-0.158510216489454
2490	6	-0.354063067984834
2491	3	-0.0880774362190424
2492	1	-0.0381386321821955
2493	4	-0.0508054913647218
2494	5	-0.0860824659448758
2495	15	0.0884472741538991
2496	16	0.037938218197791
2497	3	-0.0744001146990678
2498	1	-0.00769727467539205
2499	4	-0.0508054913647218
2500	5	0.0230247675751984
2501	8	0.0711828424387226
2502	11	-0.322724162897173
2503	12	-0.14235740424138
2504	12	-0.301283406594909
2505	12	-0.14235740424138
2506	12	-0.372298677175283
2507	12	-0.301283406594909
2508	3	-0.0880774362190424
2509	1	-0.0401007415454133
2510	4	-0.0153486292559304
2511	5	-0.0352219575411059
2512	8	-0.00626368911053365
2513	8	-0.107073254581888
2514	33	-0.406877118656078
2515	34	-0.397876642322422
2516	18	0
2517	3	-0.0444019780239131
2518	1	-0.00769727467539205
2519	4	0.0367775488118633
2520	5	0.0230247675751984
2521	8	0.116063550981538
2522	27	0.235303448993622
2523	28	0.235753254275403
2524	28	0.140580724086703
2525	3	0.0151236217908179
2526	1	-0.00769727467539205
2527	4	0.164605207198245
2528	5	0.187859424042529
2529	6	-0.354063067984834
2530	3	0.160260539703991
2531	1	0.0568908313020771
2532	4	0.210790441457704
2533	5	0.140705847992152
2534	6	-0.354063067984834
2535	3	0.231717935854871
2536	2	0.0823421155709427
2537	4	0.0367775488118633
2538	5	-0.0352219575411059
2539	3	0.0151236217908179
2540	1	-0.0415471619808923
2541	4	0.0367775488118633
2542	5	0.0230247675751984
2543	8	0.116063550981538
2544	11	0.149082209767019
2545	12	0.213673274443726
2546	12	0.213673274443726
2547	12	0.329679888078124
2548	12	0.329679888078124
2549	31	0.0468319281395031
2550	40	-0.0046431828940019
2551	3	0.0879260899139638
2552	1	-0.00769727467539205
2553	4	0.0367775488118633
2554	5	0.0230247675751984
2555	17	0.0368237645393368
2556	16	0.15261413979042
2557	6	-0.396289587733834
2558	3	0.160260539703991
2559	1	0.0568908313020771
2560	4	-0.0508054913647218
2561	5	-0.0860824659448758
2562	8	0.108943740731124
2563	29	-0.255444187160723
2564	9	-0.34750871414387
2565	30	0.0265519265426701
2566	3	-0.0444019780239131
2567	1	-0.0381386321821955
2568	4	-0.0939895302606351
2569	5	-0.0372812421546556
2570	7	-0.00925966979750559
2571	6	-0.0362318538940984
2572	6	0.0748050439101808
2573	3	-0.0880774362190424
2574	1	-0.0473493048274038
2575	4	-0.0714648551758454
2576	5	-0.0660496591101269
2577	8	0.0844639519973773
2578	8	0.0582079575910379
2579	8	-0.00626368911053365
2580	35	-0.307671351621553
2581	20	-0.875296181528445
2582	3	-0.0952589669986947
2583	1	-0.0381386321821955
2584	4	-0.0939895302606351
2585	5	-0.00917386161135791
2586	8	0.125996377095515
2587	8	0.125996377095515
2588	8	0.125996377095515
2589	35	0.793552938063107
2590	20	0.756865841326485
2591	3	-0.0952589669986947
2592	1	-0.0473493048274038
2593	4	-0.0864845641699548
2594	5	-0.0860824659448758
2595	8	-0.107073254581888
2596	33	-0.0883462640006769
2597	34	0.0756053830051497
2598	18	-0.162935306145568
2599	3	-0.0951157274483148
2600	1	-0.060418591651155
2601	4	-0.0889129376764908
2602	5	-0.00917386161135791
2603	8	-0.107073254581888
2604	13	0.554925017421552
2605	24	0.0720719829442125
2606	11	0.634027782772915
2607	39	0.251434293401065
2608	14	0
2609	12	0
2610	12	0
2611	12	0
2612	12	0
2613	3	-0.0526217270027347
2614	1	-0.0273352271022453
2615	4	0.0556827126271067
2616	5	-0.00917386161135791
2617	8	-0.00626368911053365
2618	11	0.277891869525035
2619	12	0.364511910351146
2620	12	0.0714418652309208
2621	12	0.398404742408747
2622	12	0.142647900035742
2623	12	0.364511910351146
2624	3	0.0854422972489308
2625	1	0.190641667003145
2626	4	0
2627	5	0
2628	8	-0.177928656144769
2629	33	-0.406877118656078
2630	34	-0.507066266012041
2631	18	-0.556608368049889
2632	3	0.331498944060607
2633	2	-0.178996112318353
2634	4	-0.066745000973973
2635	5	0.0597640554216827
2636	3	0.00303050608109245
2637	1	-0.0549677375302595
2638	4	-0.0939895302606351
2639	5	-0.0860824659448758
2640	7	0.253871885217705
2641	6	0.284733299561042
2642	6	0.314508889126974
2643	3	-0.0951157274483148
2644	1	-0.0401007415454133
2645	4	-0.0714648551758454
2646	5	-0.0853687962898357
2647	8	-0.0524960071961349
2648	8	-0.147435054801708
2649	8	-0.177928656144769
2650	35	-0.799715534012662
2651	20	-0.875296181528445
2652	3	-0.0744001146990678
2653	1	-0.0415471619808923
2654	4	-0.0714648551758454
2655	5	-0.0660496591101269
2656	8	0.116063550981538
2657	29	0.0284191952461796
2658	9	0.274241778505036
2659	30	0.236890360070262
2660	10	0.273041501102954
2661	1	-0.032326042939971
2662	4	-0.0153486292559304
2663	5	-0.067154596257204
2664	8	0.116063550981538
2665	8	0.116063550981538
2666	32	0.166769204027005
2667	3	-0.0444019780239131
2668	1	-0.0415471619808923
2669	4	-0.0153486292559304
2670	5	0.0904842725117838
2671	6	-0.0362318538940984
2672	3	-0.0444019780239131
2673	1	-0.032326042939971
2674	4	0.0367775488118633
2675	5	-0.0860824659448758
2676	7	-0.210341999455069
2677	8	0.0711828424387226
2678	6	-0.0362318538940984
2679	6	-0.354063067984834
2680	3	0.0151236217908179
2681	1	-0.00769727467539205
2682	4	0.0997419586640982
2683	5	0.0904842725117838
2684	6	-0.158510216489454
2685	3	0.0151236217908179
2686	1	-0.032326042939971
2687	4	0.0367775488118633
2688	5	-0.067154596257204
2689	7	-0.301035355146831
2690	8	0.108943740731124
2691	6	-0.0362318538940984
2692	6	-0.274371493972029
2693	3	0.0151236217908179
2694	1	-0.032326042939971
2695	4	-0.0508054913647218
2696	5	-0.067154596257204
2697	8	0.0844639519973773
2698	8	0.0283700578828325
2699	37	-0.0240458669586259
2700	36	-0.16157761173366
2701	21	-0.261073319321036
2702	22	-0.511121198426285
2703	22	-0.381251553990166
2704	3	-0.0880774362190424
2705	1	-0.0473493048274038
2706	4	-0.066745000973973
2707	5	0.0256360445477943
2708	8	-0.00626368911053365
2709	8	-0.147435054801708
2710	27	0
2711	28	0
2712	28	-0.684385274823514
2713	3	0.0854422972489308
2714	1	0.0823368706824041
2715	4	0.145509419510182
2716	5	0
2717	8	0
2718	7	0
2719	6	0
2720	6	0
2721	3	0.00303050608109245
2722	1	0.0823368706824041
2723	4	0.145509419510182
2724	5	0.0926912633429762
2725	8	0
2726	27	0
2727	28	-0.684385274823514
2728	28	0
2729	3	0
2730	2	0
2731	4	0.254378375529024
2732	5	0.116340758118113
2733	3	0.200300849867222
2734	1	0.0823368706824041
2735	4	-0.0174157167502056
2736	5	-0.0372812421546556
2737	15	-0.238405454440254
2738	16	-0.259222691119192
2739	3	0.00303050608109245
2740	1	-0.0273352271022453
2741	4	-0.0174157167502056
2742	5	0.0926912633429762
2743	7	0.434790842024119
2744	6	0
2745	6	0.317921244591662
2746	3	-0.0526217270027347
2747	1	-0.0273352271022453
2748	4	-0.066745000973973
2749	5	-0.0853687962898357
2750	8	-0.107073254581888
2751	8	-0.107073254581888
2752	37	-0.352526680849515
2753	36	-0.351876024874963
2754	21	-0.39874045680853
2755	22	-0.511121198426285
2756	22	-0.135935562156966
2757	3	0.0854422972489308
2758	1	-0.0273352271022453
2759	4	-0.066745000973973
2760	5	0.0597640554216827
2761	17	-0.164749227305493
2762	16	0
2763	6	0.287386553630085
2764	3	-0.0833301353081923
2765	1	-0.0401007415454133
2766	4	-0.0864845641699548
2767	5	-0.0660496591101269
2768	7	-0.107991031882384
2769	6	0.166066217398771
2770	6	-0.158510216489454
2771	3	-0.0951157274483148
2772	1	-0.0549677375302595
2773	4	-0.0889129376764908
2774	5	-0.00917386161135791
2775	8	-0.00626368911053365
2776	8	-0.0524960071961349
2777	37	-0.0760711444330893
2778	36	0.00936002367429456
2779	21	0.157879221854175
2780	22	0.25868381079558
2781	22	0.0507994215845766
2782	3	0.00303050608109245
2783	1	0.0217912312164792
2784	4	-0.0174157167502056
2785	5	0.0597640554216827
2786	8	-0.203949739245182
2787	8	-0.177928656144769
2788	27	-0.542262557338105
2789	28	-0.229755114926833
2790	28	-0.684385274823514
2791	3	0.00303050608109245
2792	1	-0.0549677375302595
2793	4	-0.066745000973973
2794	5	0.0256360445477943
2795	8	-0.00626368911053365
2796	11	0.374741683563626
2797	12	0.364511910351146
2798	12	0.277107966926851
2799	12	0
2800	12	0.364511910351146
2801	12	0
2802	3	0.00303050608109245
2803	1	-0.0273352271022453
2804	4	-0.066745000973973
2805	5	-0.0372812421546556
2806	17	-0.164749227305493
2807	16	-0.259222691119192
2808	6	0
2809	3	-0.0526217270027347
2810	1	-0.0549677375302595
2811	4	-0.0174157167502056
2812	5	0.0597640554216827
2813	8	-0.147435054801708
2814	11	0.56071394352725
2815	12	0.38970895678639
2816	12	0
2817	12	0
2818	12	0
2819	31	0
2820	40	0
2821	3	0.0854422972489308
2822	1	0.0823368706824041
2823	4	0.0556827126271067
2824	5	0.0597640554216827
2825	6	0.244964062866751
2826	3	0.00303050608109245
2827	1	-0.0273352271022453
2828	4	-0.0174157167502056
2829	5	0.0597640554216827
2830	8	-0.147435054801708
2831	27	-0.401600828596307
2832	28	-0.388736342295969
2833	28	-0.388736342295969
2834	3	-0.0833301353081923
2835	1	-0.0549677375302595
2836	4	-0.066745000973973
2837	5	0.0597640554216827
2838	8	0.0283700578828325
2839	11	0.0355124288793132
2840	12	0.213673274443726
2841	12	-0.000215865782393188
2842	12	0.213673274443726
2843	12	-0.000215865782393188
2844	31	-0.0349929394264095
2845	40	0.0589811806489804
2846	3	0.00303050608109245
2847	1	0.0823368706824041
2848	4	0.145509419510182
2849	5	0
2850	8	-0.203949739245182
2851	8	-0.203949739245182
2852	27	0
2853	28	0
2854	28	0
2855	3	0.331498944060607
2856	1	0
2857	4	0
2858	5	0
2859	8	0
2860	8	0
2861	33	0
2862	34	0
2863	18	0
2864	3	0
2865	1	0
2866	4	0
2867	5	0
2868	15	0
2869	16	0
